{"level":"warn","message":"Acceso a ruta inexistente /favicon.ico con el método GET"}
{"level":"warn","message":"Acceso a ruta inexistente /favicon.ico con el método GET"}
{"level":"warn","message":"Acceso a ruta inexistente /favicon.ico con el método GET"}
{"level":"warn","message":"Acceso a ruta inexistente /favicon.ico con el método GET"}
{"level":"warn","message":"Acceso a ruta inexistente /undefined con el método GET"}
{"level":"warn","message":"Acceso a ruta inexistente /undefined con el método GET"}
{"level":"error","message":"No es posible obtener la información de la base de datos  Could not connect to any servers in your MongoDB Atlas cluster. One common reason is that you're trying to access the database from an IP that isn't whitelisted. Make sure your current IP address is on your Atlas cluster's IP whitelist: https://www.mongodb.com/docs/atlas/security-whitelist/","reason":{"commonWireVersion":0,"compatible":true,"heartbeatFrequencyMS":10000,"localThresholdMS":15,"logicalSessionTimeoutMinutes":null,"maxElectionId":"7fffffff0000000000000135","maxSetVersion":8,"servers":{},"setName":"atlas-mx33ed-shard-0","stale":false,"type":"ReplicaSetNoPrimary"},"stack":"MongooseServerSelectionError: Could not connect to any servers in your MongoDB Atlas cluster. One common reason is that you're trying to access the database from an IP that isn't whitelisted. Make sure your current IP address is on your Atlas cluster's IP whitelist: https://www.mongodb.com/docs/atlas/security-whitelist/\n    at Model.$wrapCallback (C:\\Users\\stefa\\OneDrive\\Escritorio\\ecommerce-proyecto-backend\\node_modules\\mongoose\\lib\\model.js:5302:32)\n    at C:\\Users\\stefa\\OneDrive\\Escritorio\\ecommerce-proyecto-backend\\node_modules\\mongoose\\lib\\query.js:4944:21\n    at C:\\Users\\stefa\\OneDrive\\Escritorio\\ecommerce-proyecto-backend\\node_modules\\mongoose\\lib\\helpers\\promiseOrCallback.js:41:5\n    at new Promise (<anonymous>)\n    at promiseOrCallback (C:\\Users\\stefa\\OneDrive\\Escritorio\\ecommerce-proyecto-backend\\node_modules\\mongoose\\lib\\helpers\\promiseOrCallback.js:40:10)\n    at model.Query.exec (C:\\Users\\stefa\\OneDrive\\Escritorio\\ecommerce-proyecto-backend\\node_modules\\mongoose\\lib\\query.js:4943:10)\n    at Query.then (C:\\Users\\stefa\\OneDrive\\Escritorio\\ecommerce-proyecto-backend\\node_modules\\mongoose\\lib\\query.js:5026:15)"}
{"level":"error","message":"next is not defined"}
{"level":"error","message":"No es posible obtener la información de la base de datos  Could not connect to any servers in your MongoDB Atlas cluster. One common reason is that you're trying to access the database from an IP that isn't whitelisted. Make sure your current IP address is on your Atlas cluster's IP whitelist: https://www.mongodb.com/docs/atlas/security-whitelist/","reason":{"commonWireVersion":0,"compatible":true,"heartbeatFrequencyMS":10000,"localThresholdMS":15,"logicalSessionTimeoutMinutes":null,"maxElectionId":"7fffffff0000000000000135","maxSetVersion":8,"servers":{},"setName":"atlas-mx33ed-shard-0","stale":false,"type":"ReplicaSetNoPrimary"},"stack":"MongooseServerSelectionError: Could not connect to any servers in your MongoDB Atlas cluster. One common reason is that you're trying to access the database from an IP that isn't whitelisted. Make sure your current IP address is on your Atlas cluster's IP whitelist: https://www.mongodb.com/docs/atlas/security-whitelist/\n    at Model.$wrapCallback (C:\\Users\\stefa\\OneDrive\\Escritorio\\ecommerce-proyecto-backend\\node_modules\\mongoose\\lib\\model.js:5302:32)\n    at C:\\Users\\stefa\\OneDrive\\Escritorio\\ecommerce-proyecto-backend\\node_modules\\mongoose\\lib\\query.js:4944:21\n    at C:\\Users\\stefa\\OneDrive\\Escritorio\\ecommerce-proyecto-backend\\node_modules\\mongoose\\lib\\helpers\\promiseOrCallback.js:41:5\n    at new Promise (<anonymous>)\n    at promiseOrCallback (C:\\Users\\stefa\\OneDrive\\Escritorio\\ecommerce-proyecto-backend\\node_modules\\mongoose\\lib\\helpers\\promiseOrCallback.js:40:10)\n    at model.Query.exec (C:\\Users\\stefa\\OneDrive\\Escritorio\\ecommerce-proyecto-backend\\node_modules\\mongoose\\lib\\query.js:4943:10)\n    at Query.then (C:\\Users\\stefa\\OneDrive\\Escritorio\\ecommerce-proyecto-backend\\node_modules\\mongoose\\lib\\query.js:5026:15)"}
{"level":"error","message":"next is not defined"}
{"level":"warn","message":"Fallo en el login: usuario no encontrado con el username stefanocorso6@gmail.com"}
{"level":"warn","message":"Acceso a ruta inexistente /favicon.ico con el método GET"}
{"level":"warn","message":"Acceso a ruta inexistente /Marroquino-KIT-con-lamp-scaled.png con el método GET"}
{"level":"warn","message":"Acceso a ruta inexistente /cajaEdificiosLocos.png con el método GET"}
{"level":"warn","message":"Acceso a ruta inexistente /Marroquino-KIT-con-lamp-scaled.png con el método GET"}
{"level":"warn","message":"Acceso a ruta inexistente /cajaEdificiosLocos con el método GET"}
{"level":"warn","message":"Acceso a ruta inexistente /Marroquino-KIT-con-lamp-scaled.png con el método GET"}
{"level":"warn","message":"Acceso a ruta inexistente /cajaEdificiosLocos.png con el método GET"}
{"level":"warn","message":"Acceso a ruta inexistente /favicon.ico con el método GET"}
{"level":"warn","message":"Acceso a ruta inexistente /favicon.ico con el método GET"}
{"level":"warn","message":"Acceso a ruta inexistente /favicon.ico con el método GET"}
{"level":"warn","message":"No existe la categoría solicitada de juegos de mesa"}
{"level":"warn","message":"Acceso a ruta inexistente /favicon.ico con el método GET"}
{"level":"warn","message":"Acceso a ruta inexistente /favicon.ico con el método GET"}
{"level":"warn","message":"Acceso a ruta inexistente /favicon.ico con el método GET"}
{"level":"warn","message":"Acceso a ruta inexistente /public/img/fondoInicio.png con el método GET"}
{"level":"warn","message":"Acceso a ruta inexistente /public/img/fondoInicio.png con el método GET"}
{"level":"warn","message":"Acceso a ruta inexistente /favicon.ico con el método GET"}
{"level":"warn","message":"Acceso a ruta inexistente /me con el método GET"}
{"level":"warn","message":"Acceso a ruta inexistente /admin con el método GET"}
{"level":"warn","message":"Fallo en el registro: el usuario con el username stefanocorso006@gmail.com ya existe"}
{"level":"warn","message":"Contraseña inválida"}
{"level":"warn","message":"Fallo en el login: usuario no encontrado con el username afadf@gmail.com"}
{"level":"warn","message":"Contraseña inválida"}
{"level":"warn","message":"Contraseña inválida"}
{"level":"warn","message":"Contraseña inválida"}
{"level":"warn","message":"Acceso a ruta inexistente /favicon.ico con el método GET"}
{"level":"warn","message":"Acceso a ruta inexistente /mockingproducts con el método GET"}
{"level":"warn","message":"Acceso a ruta inexistente /mockingproducts con el método GET"}
{"level":"warn","message":"Acceso a ruta inexistente /mockingproducts con el método GET"}
{"level":"warn","message":"Acceso a ruta inexistente /mockingproducts con el método GET"}
{"level":"warn","message":"Acceso a ruta inexistente //mockingproducts con el método GET"}
{"level":"warn","message":"Acceso a ruta inexistente /favicon.ico con el método GET"}
{"level":"warn","message":"Acceso a ruta inexistente /favicon.ico con el método GET"}
{"level":"warn","message":"Acceso a ruta inexistente /favicon.ico con el método GET"}
{"level":"warn","message":"Acceso a ruta inexistente /favicon.ico con el método GET"}
{"level":"warn","message":"Acceso a ruta inexistente /favicon.ico con el método GET"}
{"level":"warn","message":"Acceso a ruta inexistente /favicon.ico con el método GET"}
{"level":"warn","message":"Acceso a ruta inexistente /favicon.ico con el método GET"}
{"level":"warn","message":"Acceso a ruta inexistente /favicon.ico con el método GET"}
{"level":"warn","message":"Acceso a ruta inexistente /favicon.ico con el método GET"}
{"level":"warn","message":"Acceso a ruta inexistente /favicon.ico con el método GET"}
{"level":"warn","message":"Acceso a ruta inexistente /favicon.ico con el método GET"}
{"level":"warn","message":"No existe la categoría solicitada de juegos de mesa"}
{"level":"warn","message":"Acceso a ruta inexistente /favicon.ico con el método GET"}
{"level":"warn","message":"Acceso a ruta inexistente /favicon.ico con el método GET"}
{"level":"warn","message":"Acceso a ruta inexistente /favicon.ico con el método GET"}
{"level":"warn","message":"Acceso a ruta inexistente /favicon.ico con el método GET"}
{"level":"warn","message":"Acceso a ruta inexistente /productos con el método GET"}
{"level":"warn","message":"Acceso a ruta inexistente /productos con el método GET"}
{"level":"warn","message":"Acceso a ruta inexistente /productos con el método GET"}
{"level":"warn","message":"Acceso a ruta inexistente /productos con el método GET"}
{"level":"warn","message":"Acceso a ruta inexistente /productos con el método GET"}
{"level":"warn","message":"Acceso a ruta inexistente /productos con el método GET"}
{"level":"warn","message":"Acceso a ruta inexistente /productos con el método GET"}
{"level":"warn","message":"Acceso a ruta inexistente /productos con el método GET"}
{"level":"warn","message":"Acceso a ruta inexistente /productos con el método GET"}
{"level":"warn","message":"Acceso a ruta inexistente /productos con el método GET"}
{"level":"warn","message":"Acceso a ruta inexistente /productos con el método GET"}
{"level":"warn","message":"Acceso a ruta inexistente /productos con el método GET"}
{"level":"warn","message":"Acceso a ruta inexistente /productos con el método GET"}
{"level":"warn","message":"Acceso a ruta inexistente /productos con el método GET"}
{"level":"warn","message":"Acceso a ruta inexistente /productos con el método GET"}
{"level":"warn","message":"Acceso a ruta inexistente /productos con el método GET"}
{"level":"warn","message":"Acceso a ruta inexistente /productos con el método GET"}
{"level":"warn","message":"Acceso a ruta inexistente /productos con el método GET"}
{"level":"warn","message":"Acceso a ruta inexistente /productos con el método GET"}
{"level":"warn","message":"Acceso a ruta inexistente /productos con el método GET"}
{"level":"warn","message":"Acceso a ruta inexistente /productos con el método GET"}
{"level":"warn","message":"Acceso a ruta inexistente /productos con el método GET"}
{"level":"warn","message":"Acceso a ruta inexistente /productos con el método GET"}
{"level":"warn","message":"Acceso a ruta inexistente /productos con el método GET"}
{"level":"warn","message":"Acceso a ruta inexistente /productos con el método GET"}
{"level":"warn","message":"Acceso a ruta inexistente /productos con el método GET"}
{"level":"warn","message":"Acceso a ruta inexistente /productos con el método GET"}
{"level":"warn","message":"Acceso a ruta inexistente /productos con el método GET"}
{"level":"warn","message":"Acceso a ruta inexistente /productos con el método GET"}
{"level":"warn","message":"Acceso a ruta inexistente /productos con el método GET"}
{"level":"warn","message":"Acceso a ruta inexistente /productos con el método GET"}
{"level":"warn","message":"Acceso a ruta inexistente /productos con el método GET"}
{"level":"warn","message":"Acceso a ruta inexistente /productos con el método GET"}
{"level":"warn","message":"Acceso a ruta inexistente /productos con el método GET"}
{"level":"warn","message":"Acceso a ruta inexistente /productos con el método GET"}
{"level":"warn","message":"Acceso a ruta inexistente /productos con el método GET"}
{"level":"warn","message":"Acceso a ruta inexistente /productos con el método GET"}
{"level":"warn","message":"Acceso a ruta inexistente /productos con el método GET"}
{"level":"warn","message":"Acceso a ruta inexistente /productos con el método GET"}
{"level":"warn","message":"Acceso a ruta inexistente /productos con el método GET"}
{"level":"warn","message":"Acceso a ruta inexistente /productos con el método GET"}
{"level":"warn","message":"Acceso a ruta inexistente /productos con el método GET"}
{"level":"warn","message":"Acceso a ruta inexistente /productos con el método GET"}
{"level":"warn","message":"Acceso a ruta inexistente /productos con el método GET"}
{"level":"warn","message":"Acceso a ruta inexistente /productos con el método GET"}
{"level":"warn","message":"Acceso a ruta inexistente /productos con el método GET"}
{"level":"warn","message":"Acceso a ruta inexistente /productos con el método GET"}
{"level":"warn","message":"Acceso a ruta inexistente /productos con el método GET"}
{"level":"warn","message":"Acceso a ruta inexistente /productos con el método GET"}
{"level":"warn","message":"Acceso a ruta inexistente /productos con el método GET"}
{"level":"warn","message":"Acceso a ruta inexistente /productos con el método GET"}
{"level":"warn","message":"Acceso a ruta inexistente /productos con el método GET"}
{"level":"warn","message":"Acceso a ruta inexistente /productos con el método GET"}
{"level":"warn","message":"Acceso a ruta inexistente /productos con el método GET"}
{"level":"warn","message":"Acceso a ruta inexistente /productos con el método GET"}
{"level":"warn","message":"Acceso a ruta inexistente /productos con el método GET"}
{"level":"warn","message":"Acceso a ruta inexistente /productos con el método GET"}
{"level":"warn","message":"Acceso a ruta inexistente /productos con el método GET"}
{"level":"warn","message":"Acceso a ruta inexistente /productos con el método GET"}
{"level":"warn","message":"Acceso a ruta inexistente /productos con el método GET"}
{"level":"warn","message":"Acceso a ruta inexistente /productos con el método GET"}
{"level":"warn","message":"Acceso a ruta inexistente /productos con el método GET"}
{"level":"warn","message":"Acceso a ruta inexistente /productos con el método GET"}
{"level":"warn","message":"Acceso a ruta inexistente /productos con el método GET"}
{"level":"warn","message":"Acceso a ruta inexistente /productos con el método GET"}
{"level":"warn","message":"Acceso a ruta inexistente /productos con el método GET"}
{"level":"warn","message":"Acceso a ruta inexistente /productos con el método GET"}
{"level":"warn","message":"Acceso a ruta inexistente /productos con el método GET"}
{"level":"warn","message":"Acceso a ruta inexistente /productos con el método GET"}
{"level":"warn","message":"Acceso a ruta inexistente /productos con el método GET"}
{"level":"warn","message":"Acceso a ruta inexistente /productos con el método GET"}
{"level":"warn","message":"Acceso a ruta inexistente /productos con el método GET"}
{"level":"warn","message":"Acceso a ruta inexistente /productos con el método GET"}
{"level":"warn","message":"Acceso a ruta inexistente /productos con el método GET"}
{"level":"warn","message":"Acceso a ruta inexistente /productos con el método GET"}
{"level":"warn","message":"Acceso a ruta inexistente /productos con el método GET"}
{"level":"warn","message":"Acceso a ruta inexistente /productos con el método GET"}
{"level":"warn","message":"Acceso a ruta inexistente /productos con el método GET"}
{"level":"warn","message":"Acceso a ruta inexistente /productos con el método GET"}
{"level":"warn","message":"Acceso a ruta inexistente /productos con el método GET"}
{"level":"error","message":"Maximum call stack size exceeded"}
{"level":"warn","message":"Acceso a ruta inexistente /favicon.ico con el método GET"}
{"level":"warn","message":"Acceso a ruta inexistente /favicon.ico con el método GET"}
{"level":"warn","message":"Acceso a ruta inexistente /favicon.ico con el método GET"}
{"level":"warn","message":"Acceso a ruta inexistente /favicon.ico con el método GET"}
{"level":"warn","message":"Acceso a ruta inexistente /favicon.ico con el método GET"}
{"level":"warn","message":"Acceso a ruta inexistente /search? con el método GET"}
{"level":"warn","message":"Acceso a ruta inexistente /search? con el método GET"}
{"level":"warn","message":"Acceso a ruta inexistente /search? con el método GET"}
{"level":"warn","message":"Acceso a ruta inexistente /search? con el método GET"}
{"level":"warn","message":"Acceso a ruta inexistente /search con el método GET"}
{"level":"warn","message":"Acceso a ruta inexistente /favicon.ico con el método GET"}
{"level":"warn","message":"Acceso a ruta inexistente /api/productos/search? con el método GET"}
{"level":"warn","message":"Acceso a ruta inexistente /api/productos/search? con el método GET"}
{"level":"warn","message":"Acceso a ruta inexistente /api/productos/search? con el método GET"}
{"level":"warn","message":"Acceso a ruta inexistente /api/productos/search? con el método GET"}
{"level":"warn","message":"Acceso a ruta inexistente /search? con el método GET"}
{"level":"error","message":"this.dao.find is not a function"}
{"level":"warn","message":"Acceso a ruta inexistente /favicon.ico con el método GET"}
{"level":"error","message":"$regex has to be a string"}
{"level":"warn","message":"Acceso a ruta inexistente /favicon.ico con el método GET"}
{"level":"error","message":"$regex has to be a string"}
{"level":"warn","message":"Acceso a ruta inexistente /favicon.ico con el método GET"}
{"level":"error","message":"\"$search\" had the wrong type. Expected string, found null"}
{"level":"warn","message":"Acceso a ruta inexistente /favicon.ico con el método GET"}
{"level":"warn","message":"Acceso a ruta inexistente /favicon.ico con el método GET"}
{"level":"error","message":"productServices.getProductsByTitle is not a function"}
{"level":"warn","message":"Acceso a ruta inexistente /favicon.ico con el método GET"}
{"level":"error","message":"repository.getProdByTitled is not a function"}
{"level":"warn","message":"Acceso a ruta inexistente /favicon.ico con el método GET"}
{"level":"error","message":"productServices.getProdByTitle is not a function"}
{"level":"warn","message":"Acceso a ruta inexistente /favicon.ico con el método GET"}
{"level":"warn","message":"Acceso a ruta inexistente /favicon.ico con el método GET"}
{"level":"warn","message":"Acceso a ruta inexistente /favicon.ico con el método GET"}
{"level":"warn","message":"Acceso a ruta inexistente /favicon.ico con el método GET"}
{"level":"warn","message":"Acceso a ruta inexistente /favicon.ico con el método GET"}
{"level":"warn","message":"Acceso a ruta inexistente /favicon.ico con el método GET"}
{"level":"warn","message":"Acceso a ruta inexistente /favicon.ico con el método GET"}
{"level":"warn","message":"Acceso a ruta inexistente /favicon.ico con el método GET"}
{"level":"error","message":"Cannot read property 'findByTitle' of undefined"}
{"level":"warn","message":"Acceso a ruta inexistente /favicon.ico con el método GET"}
{"level":"warn","message":"Acceso a ruta inexistente /favicon.ico con el método GET"}
{"level":"warn","message":"Acceso a ruta inexistente /favicon.ico con el método GET"}
{"level":"warn","message":"Acceso a ruta inexistente /favicon.ico con el método GET"}
{"kind":"ObjectId","level":"error","message":"No es posible obtener el elemento buscado de la base de datos  Cast to ObjectId failed for value \"search\" (type string) at path \"_id\" for model \"Product\"","path":"_id","reason":{},"stack":"CastError: Cast to ObjectId failed for value \"search\" (type string) at path \"_id\" for model \"Product\"\n    at model.Query.exec (C:\\Users\\stefa\\OneDrive\\Escritorio\\ecommerce-proyecto-backend\\node_modules\\mongoose\\lib\\query.js:4927:21)\n    at model.Query.Query.then (C:\\Users\\stefa\\OneDrive\\Escritorio\\ecommerce-proyecto-backend\\node_modules\\mongoose\\lib\\query.js:5026:15)","stringValue":"\"search\"","value":"search","valueType":"string"}
{"level":"error","message":"next is not defined"}
{"level":"warn","message":"Acceso a ruta inexistente /favicon.ico con el método GET"}
{"kind":"ObjectId","level":"error","message":"No es posible obtener el elemento buscado de la base de datos  Cast to ObjectId failed for value \"search\" (type string) at path \"_id\" for model \"Product\"","path":"_id","reason":{},"stack":"CastError: Cast to ObjectId failed for value \"search\" (type string) at path \"_id\" for model \"Product\"\n    at model.Query.exec (C:\\Users\\stefa\\OneDrive\\Escritorio\\ecommerce-proyecto-backend\\node_modules\\mongoose\\lib\\query.js:4927:21)\n    at model.Query.Query.then (C:\\Users\\stefa\\OneDrive\\Escritorio\\ecommerce-proyecto-backend\\node_modules\\mongoose\\lib\\query.js:5026:15)","stringValue":"\"search\"","value":"search","valueType":"string"}
{"level":"error","message":"next is not defined"}
{"level":"warn","message":"Acceso a ruta inexistente /favicon.ico con el método GET"}
{"$clusterTime":{"clusterTime":{"$timestamp":"7216460744307507213"},"signature":{"hash":"7XUyAnf8eZ5oghtB1gS88jAxnMA=","keyId":{"high":1667849721,"low":4,"unsigned":false}}},"code":27,"codeName":"IndexNotFound","level":"error","message":"No es posible realizar la búsqueda en la base de datos  text index required for $text query","ok":0,"operationTime":{"$timestamp":"7216460744307507213"},"stack":"MongoServerError: text index required for $text query\n    at Connection.onMessage (C:\\Users\\stefa\\OneDrive\\Escritorio\\ecommerce-proyecto-backend\\node_modules\\mongodb\\lib\\cmap\\connection.js:230:30)\n    at MessageStream.<anonymous> (C:\\Users\\stefa\\OneDrive\\Escritorio\\ecommerce-proyecto-backend\\node_modules\\mongodb\\lib\\cmap\\connection.js:61:60)\n    at MessageStream.emit (node:events:394:28)\n    at processIncomingData (C:\\Users\\stefa\\OneDrive\\Escritorio\\ecommerce-proyecto-backend\\node_modules\\mongodb\\lib\\cmap\\message_stream.js:125:16)\n    at MessageStream._write (C:\\Users\\stefa\\OneDrive\\Escritorio\\ecommerce-proyecto-backend\\node_modules\\mongodb\\lib\\cmap\\message_stream.js:33:9)\n    at writeOrBuffer (node:internal/streams/writable:389:12)\n    at _write (node:internal/streams/writable:330:10)\n    at MessageStream.Writable.write (node:internal/streams/writable:334:10)\n    at TLSSocket.ondata (node:internal/streams/readable:749:22)\n    at TLSSocket.emit (node:events:394:28)"}
{"level":"error","message":"next is not defined"}
{"level":"warn","message":"Acceso a ruta inexistente /favicon.ico con el método GET"}
{"level":"warn","message":"Acceso a ruta inexistente /favicon.ico con el método GET"}
{"level":"warn","message":"Acceso a ruta inexistente /favicon.ico con el método GET"}
{"level":"warn","message":"Acceso a ruta inexistente /favicon.ico con el método GET"}
{"kind":"ObjectId","level":"error","message":"No es posible obtener el elemento buscado de la base de datos  Cast to ObjectId failed for value \"search\" (type string) at path \"_id\" for model \"Product\"","path":"_id","reason":{},"stack":"CastError: Cast to ObjectId failed for value \"search\" (type string) at path \"_id\" for model \"Product\"\n    at model.Query.exec (C:\\Users\\stefa\\OneDrive\\Escritorio\\ecommerce-proyecto-backend\\node_modules\\mongoose\\lib\\query.js:4927:21)\n    at model.Query.Query.then (C:\\Users\\stefa\\OneDrive\\Escritorio\\ecommerce-proyecto-backend\\node_modules\\mongoose\\lib\\query.js:5026:15)","stringValue":"\"search\"","value":"search","valueType":"string"}
{"level":"error","message":"next is not defined"}
{"level":"warn","message":"Acceso a ruta inexistente /favicon.ico con el método GET"}
{"kind":"ObjectId","level":"error","message":"No es posible obtener el elemento buscado de la base de datos  Cast to ObjectId failed for value \"search\" (type string) at path \"_id\" for model \"Product\"","path":"_id","reason":{},"stack":"CastError: Cast to ObjectId failed for value \"search\" (type string) at path \"_id\" for model \"Product\"\n    at model.Query.exec (C:\\Users\\stefa\\OneDrive\\Escritorio\\ecommerce-proyecto-backend\\node_modules\\mongoose\\lib\\query.js:4927:21)\n    at model.Query.Query.then (C:\\Users\\stefa\\OneDrive\\Escritorio\\ecommerce-proyecto-backend\\node_modules\\mongoose\\lib\\query.js:5026:15)","stringValue":"\"search\"","value":"search","valueType":"string"}
{"level":"error","message":"next is not defined"}
{"level":"warn","message":"Acceso a ruta inexistente /favicon.ico con el método GET"}
{"kind":"ObjectId","level":"error","message":"No es posible obtener el elemento buscado de la base de datos  Cast to ObjectId failed for value \"search\" (type string) at path \"_id\" for model \"Product\"","path":"_id","reason":{},"stack":"CastError: Cast to ObjectId failed for value \"search\" (type string) at path \"_id\" for model \"Product\"\n    at model.Query.exec (C:\\Users\\stefa\\OneDrive\\Escritorio\\ecommerce-proyecto-backend\\node_modules\\mongoose\\lib\\query.js:4927:21)\n    at model.Query.Query.then (C:\\Users\\stefa\\OneDrive\\Escritorio\\ecommerce-proyecto-backend\\node_modules\\mongoose\\lib\\query.js:5026:15)","stringValue":"\"search\"","value":"search","valueType":"string"}
{"level":"error","message":"next is not defined"}
{"level":"warn","message":"Acceso a ruta inexistente /favicon.ico con el método GET"}
{"kind":"ObjectId","level":"error","message":"No es posible obtener el elemento buscado de la base de datos  Cast to ObjectId failed for value \"search\" (type string) at path \"_id\" for model \"Product\"","path":"_id","reason":{},"stack":"CastError: Cast to ObjectId failed for value \"search\" (type string) at path \"_id\" for model \"Product\"\n    at model.Query.exec (C:\\Users\\stefa\\OneDrive\\Escritorio\\ecommerce-proyecto-backend\\node_modules\\mongoose\\lib\\query.js:4927:21)\n    at model.Query.Query.then (C:\\Users\\stefa\\OneDrive\\Escritorio\\ecommerce-proyecto-backend\\node_modules\\mongoose\\lib\\query.js:5026:15)","stringValue":"\"search\"","value":"search","valueType":"string"}
{"level":"error","message":"next is not defined"}
{"level":"warn","message":"Acceso a ruta inexistente /favicon.ico con el método GET"}
{"level":"warn","message":"Acceso a ruta inexistente /favicon.ico con el método GET"}
{"kind":"ObjectId","level":"error","message":"No es posible obtener el elemento buscado de la base de datos  Cast to ObjectId failed for value \"search\" (type string) at path \"_id\" for model \"Product\"","path":"_id","reason":{},"stack":"CastError: Cast to ObjectId failed for value \"search\" (type string) at path \"_id\" for model \"Product\"\n    at model.Query.exec (C:\\Users\\stefa\\OneDrive\\Escritorio\\ecommerce-proyecto-backend\\node_modules\\mongoose\\lib\\query.js:4927:21)\n    at model.Query.Query.then (C:\\Users\\stefa\\OneDrive\\Escritorio\\ecommerce-proyecto-backend\\node_modules\\mongoose\\lib\\query.js:5026:15)","stringValue":"\"search\"","value":"search","valueType":"string"}
{"level":"error","message":"next is not defined"}
{"level":"warn","message":"Acceso a ruta inexistente /favicon.ico con el método GET"}
{"kind":"ObjectId","level":"error","message":"No es posible obtener el elemento buscado de la base de datos  Cast to ObjectId failed for value \"search\" (type string) at path \"_id\" for model \"Product\"","path":"_id","reason":{},"stack":"CastError: Cast to ObjectId failed for value \"search\" (type string) at path \"_id\" for model \"Product\"\n    at model.Query.exec (C:\\Users\\stefa\\OneDrive\\Escritorio\\ecommerce-proyecto-backend\\node_modules\\mongoose\\lib\\query.js:4927:21)\n    at model.Query.Query.then (C:\\Users\\stefa\\OneDrive\\Escritorio\\ecommerce-proyecto-backend\\node_modules\\mongoose\\lib\\query.js:5026:15)","stringValue":"\"search\"","value":"search","valueType":"string"}
{"level":"error","message":"next is not defined"}
{"level":"warn","message":"Acceso a ruta inexistente /favicon.ico con el método GET"}
{"kind":"ObjectId","level":"error","message":"No es posible obtener el elemento buscado de la base de datos  Cast to ObjectId failed for value \"search\" (type string) at path \"_id\" for model \"Product\"","path":"_id","reason":{},"stack":"CastError: Cast to ObjectId failed for value \"search\" (type string) at path \"_id\" for model \"Product\"\n    at model.Query.exec (C:\\Users\\stefa\\OneDrive\\Escritorio\\ecommerce-proyecto-backend\\node_modules\\mongoose\\lib\\query.js:4927:21)\n    at model.Query.Query.then (C:\\Users\\stefa\\OneDrive\\Escritorio\\ecommerce-proyecto-backend\\node_modules\\mongoose\\lib\\query.js:5026:15)","stringValue":"\"search\"","value":"search","valueType":"string"}
{"level":"error","message":"next is not defined"}
{"level":"warn","message":"Acceso a ruta inexistente /favicon.ico con el método GET"}
{"level":"warn","message":"Acceso a ruta inexistente /favicon.ico con el método GET"}
{"level":"warn","message":"Acceso a ruta inexistente /favicon.ico con el método GET"}
{"level":"warn","message":"Acceso a ruta inexistente /favicon.ico con el método GET"}
{"level":"warn","message":"Acceso a ruta inexistente /favicon.ico con el método GET"}
{"kind":"ObjectId","level":"error","message":"No es posible obtener el elemento buscado de la base de datos  Cast to ObjectId failed for value \"search\" (type string) at path \"_id\" for model \"Product\"","path":"_id","reason":{},"stack":"CastError: Cast to ObjectId failed for value \"search\" (type string) at path \"_id\" for model \"Product\"\n    at model.Query.exec (C:\\Users\\stefa\\OneDrive\\Escritorio\\ecommerce-proyecto-backend\\node_modules\\mongoose\\lib\\query.js:4927:21)\n    at model.Query.Query.then (C:\\Users\\stefa\\OneDrive\\Escritorio\\ecommerce-proyecto-backend\\node_modules\\mongoose\\lib\\query.js:5026:15)","stringValue":"\"search\"","value":"search","valueType":"string"}
{"level":"error","message":"next is not defined"}
{"level":"warn","message":"Acceso a ruta inexistente /favicon.ico con el método GET"}
{"kind":"ObjectId","level":"error","message":"No es posible obtener el elemento buscado de la base de datos  Cast to ObjectId failed for value \"search\" (type string) at path \"_id\" for model \"Product\"","path":"_id","reason":{},"stack":"CastError: Cast to ObjectId failed for value \"search\" (type string) at path \"_id\" for model \"Product\"\n    at model.Query.exec (C:\\Users\\stefa\\OneDrive\\Escritorio\\ecommerce-proyecto-backend\\node_modules\\mongoose\\lib\\query.js:4927:21)\n    at model.Query.Query.then (C:\\Users\\stefa\\OneDrive\\Escritorio\\ecommerce-proyecto-backend\\node_modules\\mongoose\\lib\\query.js:5026:15)","stringValue":"\"search\"","value":"search","valueType":"string"}
{"level":"error","message":"next is not defined"}
{"level":"warn","message":"Acceso a ruta inexistente /favicon.ico con el método GET"}
{"level":"warn","message":"Acceso a ruta inexistente /favicon.ico con el método GET"}
{"level":"warn","message":"Acceso a ruta inexistente /favicon.ico con el método GET"}
{"kind":"ObjectId","level":"error","message":"No es posible obtener el elemento buscado de la base de datos  Cast to ObjectId failed for value \"search\" (type string) at path \"_id\" for model \"Product\"","path":"_id","reason":{},"stack":"CastError: Cast to ObjectId failed for value \"search\" (type string) at path \"_id\" for model \"Product\"\n    at model.Query.exec (C:\\Users\\stefa\\OneDrive\\Escritorio\\ecommerce-proyecto-backend\\node_modules\\mongoose\\lib\\query.js:4927:21)\n    at model.Query.Query.then (C:\\Users\\stefa\\OneDrive\\Escritorio\\ecommerce-proyecto-backend\\node_modules\\mongoose\\lib\\query.js:5026:15)","stringValue":"\"search\"","value":"search","valueType":"string"}
{"level":"error","message":"next is not defined"}
{"level":"warn","message":"Acceso a ruta inexistente /favicon.ico con el método GET"}
{"kind":"ObjectId","level":"error","message":"No es posible obtener el elemento buscado de la base de datos  Cast to ObjectId failed for value \"search\" (type string) at path \"_id\" for model \"Product\"","path":"_id","reason":{},"stack":"CastError: Cast to ObjectId failed for value \"search\" (type string) at path \"_id\" for model \"Product\"\n    at model.Query.exec (C:\\Users\\stefa\\OneDrive\\Escritorio\\ecommerce-proyecto-backend\\node_modules\\mongoose\\lib\\query.js:4927:21)\n    at model.Query.Query.then (C:\\Users\\stefa\\OneDrive\\Escritorio\\ecommerce-proyecto-backend\\node_modules\\mongoose\\lib\\query.js:5026:15)","stringValue":"\"search\"","value":"search","valueType":"string"}
{"level":"error","message":"next is not defined"}
{"level":"warn","message":"Acceso a ruta inexistente /favicon.ico con el método GET"}
{"kind":"ObjectId","level":"error","message":"No es posible obtener el elemento buscado de la base de datos  Cast to ObjectId failed for value \"search\" (type string) at path \"_id\" for model \"Product\"","path":"_id","reason":{},"stack":"CastError: Cast to ObjectId failed for value \"search\" (type string) at path \"_id\" for model \"Product\"\n    at model.Query.exec (C:\\Users\\stefa\\OneDrive\\Escritorio\\ecommerce-proyecto-backend\\node_modules\\mongoose\\lib\\query.js:4927:21)\n    at model.Query.Query.then (C:\\Users\\stefa\\OneDrive\\Escritorio\\ecommerce-proyecto-backend\\node_modules\\mongoose\\lib\\query.js:5026:15)","stringValue":"\"search\"","value":"search","valueType":"string"}
{"level":"error","message":"next is not defined"}
{"level":"warn","message":"Acceso a ruta inexistente /favicon.ico con el método GET"}
{"level":"warn","message":"Acceso a ruta inexistente /favicon.ico con el método GET"}
{"level":"warn","message":"Acceso a ruta inexistente /favicon.ico con el método GET"}
{"level":"warn","message":"Acceso a ruta inexistente /favicon.ico con el método GET"}
{"kind":"ObjectId","level":"error","message":"No es posible obtener el elemento buscado de la base de datos  Cast to ObjectId failed for value \"search\" (type string) at path \"_id\" for model \"Product\"","path":"_id","reason":{},"stack":"CastError: Cast to ObjectId failed for value \"search\" (type string) at path \"_id\" for model \"Product\"\n    at model.Query.exec (C:\\Users\\stefa\\OneDrive\\Escritorio\\ecommerce-proyecto-backend\\node_modules\\mongoose\\lib\\query.js:4927:21)\n    at model.Query.Query.then (C:\\Users\\stefa\\OneDrive\\Escritorio\\ecommerce-proyecto-backend\\node_modules\\mongoose\\lib\\query.js:5026:15)","stringValue":"\"search\"","value":"search","valueType":"string"}
{"level":"error","message":"next is not defined"}
{"level":"warn","message":"Acceso a ruta inexistente /favicon.ico con el método GET"}
{"level":"warn","message":"Acceso a ruta inexistente /favicon.ico con el método GET"}
{"level":"warn","message":"Acceso a ruta inexistente /favicon.ico con el método GET"}
{"level":"warn","message":"Acceso a ruta inexistente /favicon.ico con el método GET"}
{"kind":"ObjectId","level":"error","message":"No es posible obtener el elemento buscado de la base de datos  Cast to ObjectId failed for value \"search\" (type string) at path \"_id\" for model \"Product\"","path":"_id","reason":{},"stack":"CastError: Cast to ObjectId failed for value \"search\" (type string) at path \"_id\" for model \"Product\"\n    at model.Query.exec (C:\\Users\\stefa\\OneDrive\\Escritorio\\ecommerce-proyecto-backend\\node_modules\\mongoose\\lib\\query.js:4927:21)\n    at model.Query.Query.then (C:\\Users\\stefa\\OneDrive\\Escritorio\\ecommerce-proyecto-backend\\node_modules\\mongoose\\lib\\query.js:5026:15)","stringValue":"\"search\"","value":"search","valueType":"string"}
{"level":"error","message":"next is not defined"}
{"level":"warn","message":"Acceso a ruta inexistente /favicon.ico con el método GET"}
{"kind":"ObjectId","level":"error","message":"No es posible obtener el elemento buscado de la base de datos  Cast to ObjectId failed for value \"search\" (type string) at path \"_id\" for model \"Product\"","path":"_id","reason":{},"stack":"CastError: Cast to ObjectId failed for value \"search\" (type string) at path \"_id\" for model \"Product\"\n    at model.Query.exec (C:\\Users\\stefa\\OneDrive\\Escritorio\\ecommerce-proyecto-backend\\node_modules\\mongoose\\lib\\query.js:4927:21)\n    at model.Query.Query.then (C:\\Users\\stefa\\OneDrive\\Escritorio\\ecommerce-proyecto-backend\\node_modules\\mongoose\\lib\\query.js:5026:15)","stringValue":"\"search\"","value":"search","valueType":"string"}
{"level":"error","message":"next is not defined"}
{"level":"warn","message":"Acceso a ruta inexistente /favicon.ico con el método GET"}
{"level":"warn","message":"Acceso a ruta inexistente /favicon.ico con el método GET"}
{"level":"warn","message":"Acceso a ruta inexistente /favicon.ico con el método GET"}
{"level":"warn","message":"Acceso a ruta inexistente /favicon.ico con el método GET"}
{"level":"warn","message":"Acceso a ruta inexistente /favicon.ico con el método GET"}
{"level":"warn","message":"Acceso a ruta inexistente /favicon.ico con el método GET"}
{"kind":"ObjectId","level":"error","message":"No es posible obtener el elemento buscado de la base de datos  Cast to ObjectId failed for value \"search\" (type string) at path \"_id\" for model \"Product\"","path":"_id","reason":{},"stack":"CastError: Cast to ObjectId failed for value \"search\" (type string) at path \"_id\" for model \"Product\"\n    at model.Query.exec (C:\\Users\\stefa\\OneDrive\\Escritorio\\ecommerce-proyecto-backend\\node_modules\\mongoose\\lib\\query.js:4927:21)\n    at model.Query.Query.then (C:\\Users\\stefa\\OneDrive\\Escritorio\\ecommerce-proyecto-backend\\node_modules\\mongoose\\lib\\query.js:5026:15)","stringValue":"\"search\"","value":"search","valueType":"string"}
{"level":"error","message":"next is not defined"}
{"level":"warn","message":"Acceso a ruta inexistente /favicon.ico con el método GET"}
{"kind":"ObjectId","level":"error","message":"No es posible obtener el elemento buscado de la base de datos  Cast to ObjectId failed for value \"search\" (type string) at path \"_id\" for model \"Product\"","path":"_id","reason":{},"stack":"CastError: Cast to ObjectId failed for value \"search\" (type string) at path \"_id\" for model \"Product\"\n    at model.Query.exec (C:\\Users\\stefa\\OneDrive\\Escritorio\\ecommerce-proyecto-backend\\node_modules\\mongoose\\lib\\query.js:4927:21)\n    at model.Query.Query.then (C:\\Users\\stefa\\OneDrive\\Escritorio\\ecommerce-proyecto-backend\\node_modules\\mongoose\\lib\\query.js:5026:15)","stringValue":"\"search\"","value":"search","valueType":"string"}
{"level":"error","message":"next is not defined"}
{"level":"warn","message":"Acceso a ruta inexistente /favicon.ico con el método GET"}
{"kind":"ObjectId","level":"error","message":"No es posible obtener el elemento buscado de la base de datos  Cast to ObjectId failed for value \"search\" (type string) at path \"_id\" for model \"Product\"","path":"_id","reason":{},"stack":"CastError: Cast to ObjectId failed for value \"search\" (type string) at path \"_id\" for model \"Product\"\n    at model.Query.exec (C:\\Users\\stefa\\OneDrive\\Escritorio\\ecommerce-proyecto-backend\\node_modules\\mongoose\\lib\\query.js:4927:21)\n    at model.Query.Query.then (C:\\Users\\stefa\\OneDrive\\Escritorio\\ecommerce-proyecto-backend\\node_modules\\mongoose\\lib\\query.js:5026:15)","stringValue":"\"search\"","value":"search","valueType":"string"}
{"level":"error","message":"next is not defined"}
{"level":"warn","message":"Acceso a ruta inexistente /favicon.ico con el método GET"}
{"level":"warn","message":"Acceso a ruta inexistente /favicon.ico con el método GET"}
{"level":"warn","message":"Acceso a ruta inexistente /favicon.ico con el método GET"}
{"kind":"ObjectId","level":"error","message":"No es posible obtener el elemento buscado de la base de datos  Cast to ObjectId failed for value \"search\" (type string) at path \"_id\" for model \"Product\"","path":"_id","reason":{},"stack":"CastError: Cast to ObjectId failed for value \"search\" (type string) at path \"_id\" for model \"Product\"\n    at model.Query.exec (C:\\Users\\stefa\\OneDrive\\Escritorio\\ecommerce-proyecto-backend\\node_modules\\mongoose\\lib\\query.js:4927:21)\n    at model.Query.Query.then (C:\\Users\\stefa\\OneDrive\\Escritorio\\ecommerce-proyecto-backend\\node_modules\\mongoose\\lib\\query.js:5026:15)","stringValue":"\"search\"","value":"search","valueType":"string"}
{"level":"error","message":"next is not defined"}
{"level":"warn","message":"Acceso a ruta inexistente /favicon.ico con el método GET"}
{"level":"warn","message":"Acceso a ruta inexistente /favicon.ico con el método GET"}
{"level":"warn","message":"Acceso a ruta inexistente /favicon.ico con el método GET"}
{"level":"warn","message":"Acceso a ruta inexistente /favicon.ico con el método GET"}
{"level":"warn","message":"Acceso a ruta inexistente /favicon.ico con el método GET"}
{"level":"warn","message":"Acceso a ruta inexistente /favicon.ico con el método GET"}
{"level":"warn","message":"Acceso a ruta inexistente /favicon.ico con el método GET"}
{"kind":"ObjectId","level":"error","message":"No es posible obtener el elemento buscado de la base de datos  Cast to ObjectId failed for value \"search\" (type string) at path \"_id\" for model \"Product\"","path":"_id","reason":{},"stack":"CastError: Cast to ObjectId failed for value \"search\" (type string) at path \"_id\" for model \"Product\"\n    at model.Query.exec (C:\\Users\\stefa\\OneDrive\\Escritorio\\ecommerce-proyecto-backend\\node_modules\\mongoose\\lib\\query.js:4927:21)\n    at model.Query.Query.then (C:\\Users\\stefa\\OneDrive\\Escritorio\\ecommerce-proyecto-backend\\node_modules\\mongoose\\lib\\query.js:5026:15)","stringValue":"\"search\"","value":"search","valueType":"string"}
{"level":"error","message":"next is not defined"}
{"level":"warn","message":"Acceso a ruta inexistente /favicon.ico con el método GET"}
{"level":"warn","message":"Acceso a ruta inexistente /favicon.ico con el método GET"}
{"level":"warn","message":"Acceso a ruta inexistente /favicon.ico con el método GET"}
{"kind":"ObjectId","level":"error","message":"No es posible obtener el elemento buscado de la base de datos  Cast to ObjectId failed for value \"search\" (type string) at path \"_id\" for model \"Product\"","path":"_id","reason":{},"stack":"CastError: Cast to ObjectId failed for value \"search\" (type string) at path \"_id\" for model \"Product\"\n    at model.Query.exec (C:\\Users\\stefa\\OneDrive\\Escritorio\\ecommerce-proyecto-backend\\node_modules\\mongoose\\lib\\query.js:4927:21)\n    at model.Query.Query.then (C:\\Users\\stefa\\OneDrive\\Escritorio\\ecommerce-proyecto-backend\\node_modules\\mongoose\\lib\\query.js:5026:15)","stringValue":"\"search\"","value":"search","valueType":"string"}
{"level":"error","message":"next is not defined"}
{"level":"warn","message":"Acceso a ruta inexistente /favicon.ico con el método GET"}
{"kind":"ObjectId","level":"error","message":"No es posible obtener el elemento buscado de la base de datos  Cast to ObjectId failed for value \"search\" (type string) at path \"_id\" for model \"Product\"","path":"_id","reason":{},"stack":"CastError: Cast to ObjectId failed for value \"search\" (type string) at path \"_id\" for model \"Product\"\n    at model.Query.exec (C:\\Users\\stefa\\OneDrive\\Escritorio\\ecommerce-proyecto-backend\\node_modules\\mongoose\\lib\\query.js:4927:21)\n    at model.Query.Query.then (C:\\Users\\stefa\\OneDrive\\Escritorio\\ecommerce-proyecto-backend\\node_modules\\mongoose\\lib\\query.js:5026:15)","stringValue":"\"search\"","value":"search","valueType":"string"}
{"level":"error","message":"next is not defined"}
{"level":"warn","message":"Acceso a ruta inexistente /favicon.ico con el método GET"}
{"kind":"ObjectId","level":"error","message":"No es posible obtener el elemento buscado de la base de datos  Cast to ObjectId failed for value \"search\" (type string) at path \"_id\" for model \"Product\"","path":"_id","reason":{},"stack":"CastError: Cast to ObjectId failed for value \"search\" (type string) at path \"_id\" for model \"Product\"\n    at model.Query.exec (C:\\Users\\stefa\\OneDrive\\Escritorio\\ecommerce-proyecto-backend\\node_modules\\mongoose\\lib\\query.js:4927:21)\n    at model.Query.Query.then (C:\\Users\\stefa\\OneDrive\\Escritorio\\ecommerce-proyecto-backend\\node_modules\\mongoose\\lib\\query.js:5026:15)","stringValue":"\"search\"","value":"search","valueType":"string"}
{"level":"error","message":"next is not defined"}
{"level":"warn","message":"Acceso a ruta inexistente /favicon.ico con el método GET"}
{"kind":"ObjectId","level":"error","message":"No es posible obtener el elemento buscado de la base de datos  Cast to ObjectId failed for value \"search\" (type string) at path \"_id\" for model \"Product\"","path":"_id","reason":{},"stack":"CastError: Cast to ObjectId failed for value \"search\" (type string) at path \"_id\" for model \"Product\"\n    at model.Query.exec (C:\\Users\\stefa\\OneDrive\\Escritorio\\ecommerce-proyecto-backend\\node_modules\\mongoose\\lib\\query.js:4927:21)\n    at model.Query.Query.then (C:\\Users\\stefa\\OneDrive\\Escritorio\\ecommerce-proyecto-backend\\node_modules\\mongoose\\lib\\query.js:5026:15)","stringValue":"\"search\"","value":"search","valueType":"string"}
{"level":"error","message":"next is not defined"}
{"level":"warn","message":"Acceso a ruta inexistente /favicon.ico con el método GET"}
{"level":"warn","message":"Acceso a ruta inexistente /favicon.ico con el método GET"}
{"level":"warn","message":"Acceso a ruta inexistente /favicon.ico con el método GET"}
{"level":"warn","message":"Acceso a ruta inexistente /favicon.ico con el método GET"}
{"kind":"ObjectId","level":"error","message":"No es posible obtener el elemento buscado de la base de datos  Cast to ObjectId failed for value \"search\" (type string) at path \"_id\" for model \"Product\"","path":"_id","reason":{},"stack":"CastError: Cast to ObjectId failed for value \"search\" (type string) at path \"_id\" for model \"Product\"\n    at model.Query.exec (C:\\Users\\stefa\\OneDrive\\Escritorio\\ecommerce-proyecto-backend\\node_modules\\mongoose\\lib\\query.js:4927:21)\n    at model.Query.Query.then (C:\\Users\\stefa\\OneDrive\\Escritorio\\ecommerce-proyecto-backend\\node_modules\\mongoose\\lib\\query.js:5026:15)","stringValue":"\"search\"","value":"search","valueType":"string"}
{"level":"error","message":"next is not defined"}
{"level":"warn","message":"Acceso a ruta inexistente /favicon.ico con el método GET"}
{"kind":"ObjectId","level":"error","message":"No es posible obtener el elemento buscado de la base de datos  Cast to ObjectId failed for value \"search\" (type string) at path \"_id\" for model \"Product\"","path":"_id","reason":{},"stack":"CastError: Cast to ObjectId failed for value \"search\" (type string) at path \"_id\" for model \"Product\"\n    at model.Query.exec (C:\\Users\\stefa\\OneDrive\\Escritorio\\ecommerce-proyecto-backend\\node_modules\\mongoose\\lib\\query.js:4927:21)\n    at model.Query.Query.then (C:\\Users\\stefa\\OneDrive\\Escritorio\\ecommerce-proyecto-backend\\node_modules\\mongoose\\lib\\query.js:5026:15)","stringValue":"\"search\"","value":"search","valueType":"string"}
{"level":"error","message":"next is not defined"}
{"level":"warn","message":"Acceso a ruta inexistente /favicon.ico con el método GET"}
{"level":"warn","message":"Acceso a ruta inexistente /productos/search/kit con el método GET"}
{"level":"warn","message":"Acceso a ruta inexistente /favicon.ico con el método GET"}
{"kind":"ObjectId","level":"error","message":"No es posible obtener el elemento buscado de la base de datos  Cast to ObjectId failed for value \"search\" (type string) at path \"_id\" for model \"Product\"","path":"_id","reason":{},"stack":"CastError: Cast to ObjectId failed for value \"search\" (type string) at path \"_id\" for model \"Product\"\n    at model.Query.exec (C:\\Users\\stefa\\OneDrive\\Escritorio\\ecommerce-proyecto-backend\\node_modules\\mongoose\\lib\\query.js:4927:21)\n    at model.Query.Query.then (C:\\Users\\stefa\\OneDrive\\Escritorio\\ecommerce-proyecto-backend\\node_modules\\mongoose\\lib\\query.js:5026:15)","stringValue":"\"search\"","value":"search","valueType":"string"}
{"level":"error","message":"next is not defined"}
{"level":"warn","message":"Acceso a ruta inexistente /favicon.ico con el método GET"}
{"kind":"ObjectId","level":"error","message":"No es posible obtener el elemento buscado de la base de datos  Cast to ObjectId failed for value \"search\" (type string) at path \"_id\" for model \"Product\"","path":"_id","reason":{},"stack":"CastError: Cast to ObjectId failed for value \"search\" (type string) at path \"_id\" for model \"Product\"\n    at model.Query.exec (C:\\Users\\stefa\\OneDrive\\Escritorio\\ecommerce-proyecto-backend\\node_modules\\mongoose\\lib\\query.js:4927:21)\n    at model.Query.Query.then (C:\\Users\\stefa\\OneDrive\\Escritorio\\ecommerce-proyecto-backend\\node_modules\\mongoose\\lib\\query.js:5026:15)","stringValue":"\"search\"","value":"search","valueType":"string"}
{"level":"error","message":"next is not defined"}
{"level":"warn","message":"Acceso a ruta inexistente /favicon.ico con el método GET"}
{"kind":"ObjectId","level":"error","message":"No es posible obtener el elemento buscado de la base de datos  Cast to ObjectId failed for value \"search\" (type string) at path \"_id\" for model \"Product\"","path":"_id","reason":{},"stack":"CastError: Cast to ObjectId failed for value \"search\" (type string) at path \"_id\" for model \"Product\"\n    at model.Query.exec (C:\\Users\\stefa\\OneDrive\\Escritorio\\ecommerce-proyecto-backend\\node_modules\\mongoose\\lib\\query.js:4927:21)\n    at model.Query.Query.then (C:\\Users\\stefa\\OneDrive\\Escritorio\\ecommerce-proyecto-backend\\node_modules\\mongoose\\lib\\query.js:5026:15)","stringValue":"\"search\"","value":"search","valueType":"string"}
{"level":"error","message":"next is not defined"}
{"level":"warn","message":"Acceso a ruta inexistente /favicon.ico con el método GET"}
{"kind":"ObjectId","level":"error","message":"No es posible obtener el elemento buscado de la base de datos  Cast to ObjectId failed for value \"search\" (type string) at path \"_id\" for model \"Product\"","path":"_id","reason":{},"stack":"CastError: Cast to ObjectId failed for value \"search\" (type string) at path \"_id\" for model \"Product\"\n    at model.Query.exec (C:\\Users\\stefa\\OneDrive\\Escritorio\\ecommerce-proyecto-backend\\node_modules\\mongoose\\lib\\query.js:4927:21)\n    at model.Query.Query.then (C:\\Users\\stefa\\OneDrive\\Escritorio\\ecommerce-proyecto-backend\\node_modules\\mongoose\\lib\\query.js:5026:15)","stringValue":"\"search\"","value":"search","valueType":"string"}
{"level":"error","message":"next is not defined"}
{"level":"warn","message":"Acceso a ruta inexistente /favicon.ico con el método GET"}
{"kind":"ObjectId","level":"error","message":"No es posible obtener el elemento buscado de la base de datos  Cast to ObjectId failed for value \"search\" (type string) at path \"_id\" for model \"Product\"","path":"_id","reason":{},"stack":"CastError: Cast to ObjectId failed for value \"search\" (type string) at path \"_id\" for model \"Product\"\n    at model.Query.exec (C:\\Users\\stefa\\OneDrive\\Escritorio\\ecommerce-proyecto-backend\\node_modules\\mongoose\\lib\\query.js:4927:21)\n    at model.Query.Query.then (C:\\Users\\stefa\\OneDrive\\Escritorio\\ecommerce-proyecto-backend\\node_modules\\mongoose\\lib\\query.js:5026:15)","stringValue":"\"search\"","value":"search","valueType":"string"}
{"level":"error","message":"next is not defined"}
{"level":"warn","message":"Acceso a ruta inexistente /favicon.ico con el método GET"}
{"kind":"ObjectId","level":"error","message":"No es posible obtener el elemento buscado de la base de datos  Cast to ObjectId failed for value \"search\" (type string) at path \"_id\" for model \"Product\"","path":"_id","reason":{},"stack":"CastError: Cast to ObjectId failed for value \"search\" (type string) at path \"_id\" for model \"Product\"\n    at model.Query.exec (C:\\Users\\stefa\\OneDrive\\Escritorio\\ecommerce-proyecto-backend\\node_modules\\mongoose\\lib\\query.js:4927:21)\n    at model.Query.Query.then (C:\\Users\\stefa\\OneDrive\\Escritorio\\ecommerce-proyecto-backend\\node_modules\\mongoose\\lib\\query.js:5026:15)","stringValue":"\"search\"","value":"search","valueType":"string"}
{"level":"error","message":"next is not defined"}
{"level":"warn","message":"Acceso a ruta inexistente /favicon.ico con el método GET"}
{"kind":"ObjectId","level":"error","message":"No es posible obtener el elemento buscado de la base de datos  Cast to ObjectId failed for value \"search\" (type string) at path \"_id\" for model \"Product\"","path":"_id","reason":{},"stack":"CastError: Cast to ObjectId failed for value \"search\" (type string) at path \"_id\" for model \"Product\"\n    at model.Query.exec (C:\\Users\\stefa\\OneDrive\\Escritorio\\ecommerce-proyecto-backend\\node_modules\\mongoose\\lib\\query.js:4927:21)\n    at model.Query.Query.then (C:\\Users\\stefa\\OneDrive\\Escritorio\\ecommerce-proyecto-backend\\node_modules\\mongoose\\lib\\query.js:5026:15)","stringValue":"\"search\"","value":"search","valueType":"string"}
{"level":"error","message":"next is not defined"}
{"level":"warn","message":"Acceso a ruta inexistente /favicon.ico con el método GET"}
{"level":"warn","message":"Acceso a ruta inexistente /favicon.ico con el método GET"}
{"level":"warn","message":"Acceso a ruta inexistente /favicon.ico con el método GET"}
{"kind":"ObjectId","level":"error","message":"No es posible obtener el elemento buscado de la base de datos  Cast to ObjectId failed for value \"search\" (type string) at path \"_id\" for model \"Product\"","path":"_id","reason":{},"stack":"CastError: Cast to ObjectId failed for value \"search\" (type string) at path \"_id\" for model \"Product\"\n    at model.Query.exec (C:\\Users\\stefa\\OneDrive\\Escritorio\\ecommerce-proyecto-backend\\node_modules\\mongoose\\lib\\query.js:4927:21)\n    at model.Query.Query.then (C:\\Users\\stefa\\OneDrive\\Escritorio\\ecommerce-proyecto-backend\\node_modules\\mongoose\\lib\\query.js:5026:15)","stringValue":"\"search\"","value":"search","valueType":"string"}
{"level":"error","message":"next is not defined"}
{"level":"warn","message":"Acceso a ruta inexistente /favicon.ico con el método GET"}
{"level":"warn","message":"Acceso a ruta inexistente /favicon.ico con el método GET"}
{"kind":"ObjectId","level":"error","message":"No es posible obtener el elemento buscado de la base de datos  Cast to ObjectId failed for value \"search\" (type string) at path \"_id\" for model \"Product\"","path":"_id","reason":{},"stack":"CastError: Cast to ObjectId failed for value \"search\" (type string) at path \"_id\" for model \"Product\"\n    at model.Query.exec (C:\\Users\\stefa\\OneDrive\\Escritorio\\ecommerce-proyecto-backend\\node_modules\\mongoose\\lib\\query.js:4927:21)\n    at model.Query.Query.then (C:\\Users\\stefa\\OneDrive\\Escritorio\\ecommerce-proyecto-backend\\node_modules\\mongoose\\lib\\query.js:5026:15)","stringValue":"\"search\"","value":"search","valueType":"string"}
{"level":"error","message":"next is not defined"}
{"level":"warn","message":"Acceso a ruta inexistente /favicon.ico con el método GET"}
{"level":"warn","message":"Acceso a ruta inexistente /favicon.ico con el método GET"}
{"level":"warn","message":"Acceso a ruta inexistente /favicon.ico con el método GET"}
{"kind":"ObjectId","level":"error","message":"No es posible obtener el elemento buscado de la base de datos  Cast to ObjectId failed for value \"search\" (type string) at path \"_id\" for model \"Product\"","path":"_id","reason":{},"stack":"CastError: Cast to ObjectId failed for value \"search\" (type string) at path \"_id\" for model \"Product\"\n    at model.Query.exec (C:\\Users\\stefa\\OneDrive\\Escritorio\\ecommerce-proyecto-backend\\node_modules\\mongoose\\lib\\query.js:4927:21)\n    at model.Query.Query.then (C:\\Users\\stefa\\OneDrive\\Escritorio\\ecommerce-proyecto-backend\\node_modules\\mongoose\\lib\\query.js:5026:15)","stringValue":"\"search\"","value":"search","valueType":"string"}
{"level":"error","message":"next is not defined"}
{"level":"warn","message":"Acceso a ruta inexistente /favicon.ico con el método GET"}
{"kind":"ObjectId","level":"error","message":"No es posible obtener el elemento buscado de la base de datos  Cast to ObjectId failed for value \"search\" (type string) at path \"_id\" for model \"Product\"","path":"_id","reason":{},"stack":"CastError: Cast to ObjectId failed for value \"search\" (type string) at path \"_id\" for model \"Product\"\n    at model.Query.exec (C:\\Users\\stefa\\OneDrive\\Escritorio\\ecommerce-proyecto-backend\\node_modules\\mongoose\\lib\\query.js:4927:21)\n    at model.Query.Query.then (C:\\Users\\stefa\\OneDrive\\Escritorio\\ecommerce-proyecto-backend\\node_modules\\mongoose\\lib\\query.js:5026:15)","stringValue":"\"search\"","value":"search","valueType":"string"}
{"level":"error","message":"next is not defined"}
{"level":"warn","message":"Acceso a ruta inexistente /favicon.ico con el método GET"}
{"kind":"ObjectId","level":"error","message":"No es posible obtener el elemento buscado de la base de datos  Cast to ObjectId failed for value \"search\" (type string) at path \"_id\" for model \"Product\"","path":"_id","reason":{},"stack":"CastError: Cast to ObjectId failed for value \"search\" (type string) at path \"_id\" for model \"Product\"\n    at model.Query.exec (C:\\Users\\stefa\\OneDrive\\Escritorio\\ecommerce-proyecto-backend\\node_modules\\mongoose\\lib\\query.js:4927:21)\n    at model.Query.Query.then (C:\\Users\\stefa\\OneDrive\\Escritorio\\ecommerce-proyecto-backend\\node_modules\\mongoose\\lib\\query.js:5026:15)","stringValue":"\"search\"","value":"search","valueType":"string"}
{"level":"error","message":"next is not defined"}
{"level":"warn","message":"Acceso a ruta inexistente /favicon.ico con el método GET"}
{"kind":"ObjectId","level":"error","message":"No es posible obtener el elemento buscado de la base de datos  Cast to ObjectId failed for value \"search\" (type string) at path \"_id\" for model \"Product\"","path":"_id","reason":{},"stack":"CastError: Cast to ObjectId failed for value \"search\" (type string) at path \"_id\" for model \"Product\"\n    at model.Query.exec (C:\\Users\\stefa\\OneDrive\\Escritorio\\ecommerce-proyecto-backend\\node_modules\\mongoose\\lib\\query.js:4927:21)\n    at model.Query.Query.then (C:\\Users\\stefa\\OneDrive\\Escritorio\\ecommerce-proyecto-backend\\node_modules\\mongoose\\lib\\query.js:5026:15)","stringValue":"\"search\"","value":"search","valueType":"string"}
{"level":"error","message":"next is not defined"}
{"level":"warn","message":"Acceso a ruta inexistente /favicon.ico con el método GET"}
{"level":"warn","message":"Acceso a ruta inexistente /favicon.ico con el método GET"}
{"level":"warn","message":"Acceso a ruta inexistente /favicon.ico con el método GET"}
{"kind":"ObjectId","level":"error","message":"No es posible obtener el elemento buscado de la base de datos  Cast to ObjectId failed for value \"search\" (type string) at path \"_id\" for model \"Product\"","path":"_id","reason":{},"stack":"CastError: Cast to ObjectId failed for value \"search\" (type string) at path \"_id\" for model \"Product\"\n    at model.Query.exec (C:\\Users\\stefa\\OneDrive\\Escritorio\\ecommerce-proyecto-backend\\node_modules\\mongoose\\lib\\query.js:4927:21)\n    at model.Query.Query.then (C:\\Users\\stefa\\OneDrive\\Escritorio\\ecommerce-proyecto-backend\\node_modules\\mongoose\\lib\\query.js:5026:15)","stringValue":"\"search\"","value":"search","valueType":"string"}
{"level":"error","message":"next is not defined"}
{"level":"warn","message":"Acceso a ruta inexistente /favicon.ico con el método GET"}
{"level":"warn","message":"Acceso a ruta inexistente /favicon.ico con el método GET"}
{"level":"warn","message":"Acceso a ruta inexistente /favicon.ico con el método GET"}
{"level":"warn","message":"Acceso a ruta inexistente /favicon.ico con el método GET"}
{"level":"warn","message":"Acceso a ruta inexistente /favicon.ico con el método GET"}
{"level":"warn","message":"Acceso a ruta inexistente /favicon.ico con el método GET"}
{"level":"warn","message":"Acceso a ruta inexistente /favicon.ico con el método GET"}
{"level":"warn","message":"Acceso a ruta inexistente /favicon.ico con el método GET"}
{"kind":"ObjectId","level":"error","message":"No es posible obtener el elemento buscado de la base de datos  Cast to ObjectId failed for value \"search\" (type string) at path \"_id\" for model \"Product\"","path":"_id","reason":{},"stack":"CastError: Cast to ObjectId failed for value \"search\" (type string) at path \"_id\" for model \"Product\"\n    at model.Query.exec (C:\\Users\\stefa\\OneDrive\\Escritorio\\ecommerce-proyecto-backend\\node_modules\\mongoose\\lib\\query.js:4927:21)\n    at model.Query.Query.then (C:\\Users\\stefa\\OneDrive\\Escritorio\\ecommerce-proyecto-backend\\node_modules\\mongoose\\lib\\query.js:5026:15)","stringValue":"\"search\"","value":"search","valueType":"string"}
{"level":"error","message":"next is not defined"}
{"level":"warn","message":"Acceso a ruta inexistente /favicon.ico con el método GET"}
{"level":"warn","message":"Acceso a ruta inexistente /favicon.ico con el método GET"}
{"level":"warn","message":"Acceso a ruta inexistente /favicon.ico con el método GET"}
{"level":"warn","message":"Acceso a ruta inexistente /favicon.ico con el método GET"}
{"level":"warn","message":"Acceso a ruta inexistente /favicon.ico con el método GET"}
{"kind":"ObjectId","level":"error","message":"No es posible obtener el elemento buscado de la base de datos  Cast to ObjectId failed for value \"search\" (type string) at path \"_id\" for model \"Product\"","path":"_id","reason":{},"stack":"CastError: Cast to ObjectId failed for value \"search\" (type string) at path \"_id\" for model \"Product\"\n    at model.Query.exec (C:\\Users\\stefa\\OneDrive\\Escritorio\\ecommerce-proyecto-backend\\node_modules\\mongoose\\lib\\query.js:4927:21)\n    at model.Query.Query.then (C:\\Users\\stefa\\OneDrive\\Escritorio\\ecommerce-proyecto-backend\\node_modules\\mongoose\\lib\\query.js:5026:15)","stringValue":"\"search\"","value":"search","valueType":"string"}
{"level":"error","message":"next is not defined"}
{"level":"warn","message":"Acceso a ruta inexistente /favicon.ico con el método GET"}
{"kind":"ObjectId","level":"error","message":"No es posible obtener el elemento buscado de la base de datos  Cast to ObjectId failed for value \"search\" (type string) at path \"_id\" for model \"Product\"","path":"_id","reason":{},"stack":"CastError: Cast to ObjectId failed for value \"search\" (type string) at path \"_id\" for model \"Product\"\n    at model.Query.exec (C:\\Users\\stefa\\OneDrive\\Escritorio\\ecommerce-proyecto-backend\\node_modules\\mongoose\\lib\\query.js:4927:21)\n    at model.Query.Query.then (C:\\Users\\stefa\\OneDrive\\Escritorio\\ecommerce-proyecto-backend\\node_modules\\mongoose\\lib\\query.js:5026:15)","stringValue":"\"search\"","value":"search","valueType":"string"}
{"level":"error","message":"next is not defined"}
{"level":"warn","message":"Acceso a ruta inexistente /favicon.ico con el método GET"}
{"level":"warn","message":"Acceso a ruta inexistente /favicon.ico con el método GET"}
{"level":"warn","message":"Acceso a ruta inexistente /favicon.ico con el método GET"}
{"level":"warn","message":"Acceso a ruta inexistente /favicon.ico con el método GET"}
{"level":"warn","message":"Acceso a ruta inexistente /favicon.ico con el método GET"}
{"level":"warn","message":"Acceso a ruta inexistente /favicon.ico con el método GET"}
{"kind":"ObjectId","level":"error","message":"No es posible obtener el elemento buscado de la base de datos  Cast to ObjectId failed for value \"search\" (type string) at path \"_id\" for model \"Product\"","path":"_id","reason":{},"stack":"CastError: Cast to ObjectId failed for value \"search\" (type string) at path \"_id\" for model \"Product\"\n    at model.Query.exec (C:\\Users\\stefa\\OneDrive\\Escritorio\\ecommerce-proyecto-backend\\node_modules\\mongoose\\lib\\query.js:4927:21)\n    at model.Query.Query.then (C:\\Users\\stefa\\OneDrive\\Escritorio\\ecommerce-proyecto-backend\\node_modules\\mongoose\\lib\\query.js:5026:15)","stringValue":"\"search\"","value":"search","valueType":"string"}
{"level":"error","message":"next is not defined"}
{"level":"warn","message":"Acceso a ruta inexistente /favicon.ico con el método GET"}
{"kind":"ObjectId","level":"error","message":"No es posible obtener el elemento buscado de la base de datos  Cast to ObjectId failed for value \"search\" (type string) at path \"_id\" for model \"Product\"","path":"_id","reason":{},"stack":"CastError: Cast to ObjectId failed for value \"search\" (type string) at path \"_id\" for model \"Product\"\n    at model.Query.exec (C:\\Users\\stefa\\OneDrive\\Escritorio\\ecommerce-proyecto-backend\\node_modules\\mongoose\\lib\\query.js:4927:21)\n    at model.Query.Query.then (C:\\Users\\stefa\\OneDrive\\Escritorio\\ecommerce-proyecto-backend\\node_modules\\mongoose\\lib\\query.js:5026:15)","stringValue":"\"search\"","value":"search","valueType":"string"}
{"level":"error","message":"next is not defined"}
{"level":"warn","message":"Acceso a ruta inexistente /favicon.ico con el método GET"}
{"kind":"ObjectId","level":"error","message":"No es posible obtener el elemento buscado de la base de datos  Cast to ObjectId failed for value \"search\" (type string) at path \"_id\" for model \"Product\"","path":"_id","reason":{},"stack":"CastError: Cast to ObjectId failed for value \"search\" (type string) at path \"_id\" for model \"Product\"\n    at model.Query.exec (C:\\Users\\stefa\\OneDrive\\Escritorio\\ecommerce-proyecto-backend\\node_modules\\mongoose\\lib\\query.js:4927:21)\n    at model.Query.Query.then (C:\\Users\\stefa\\OneDrive\\Escritorio\\ecommerce-proyecto-backend\\node_modules\\mongoose\\lib\\query.js:5026:15)","stringValue":"\"search\"","value":"search","valueType":"string"}
{"level":"error","message":"next is not defined"}
{"level":"warn","message":"Acceso a ruta inexistente /favicon.ico con el método GET"}
{"kind":"ObjectId","level":"error","message":"No es posible obtener el elemento buscado de la base de datos  Cast to ObjectId failed for value \"search\" (type string) at path \"_id\" for model \"Product\"","path":"_id","reason":{},"stack":"CastError: Cast to ObjectId failed for value \"search\" (type string) at path \"_id\" for model \"Product\"\n    at model.Query.exec (C:\\Users\\stefa\\OneDrive\\Escritorio\\ecommerce-proyecto-backend\\node_modules\\mongoose\\lib\\query.js:4927:21)\n    at model.Query.Query.then (C:\\Users\\stefa\\OneDrive\\Escritorio\\ecommerce-proyecto-backend\\node_modules\\mongoose\\lib\\query.js:5026:15)","stringValue":"\"search\"","value":"search","valueType":"string"}
{"level":"error","message":"next is not defined"}
{"level":"warn","message":"Acceso a ruta inexistente /favicon.ico con el método GET"}
{"level":"warn","message":"Acceso a ruta inexistente /favicon.ico con el método GET"}
{"level":"warn","message":"Acceso a ruta inexistente /favicon.ico con el método GET"}
{"level":"warn","message":"Acceso a ruta inexistente /favicon.ico con el método GET"}
{"level":"warn","message":"Acceso a ruta inexistente /favicon.ico con el método GET"}
{"kind":"ObjectId","level":"error","message":"No es posible obtener el elemento buscado de la base de datos  Cast to ObjectId failed for value \"search\" (type string) at path \"_id\" for model \"Product\"","path":"_id","reason":{},"stack":"CastError: Cast to ObjectId failed for value \"search\" (type string) at path \"_id\" for model \"Product\"\n    at model.Query.exec (C:\\Users\\stefa\\OneDrive\\Escritorio\\ecommerce-proyecto-backend\\node_modules\\mongoose\\lib\\query.js:4927:21)\n    at model.Query.Query.then (C:\\Users\\stefa\\OneDrive\\Escritorio\\ecommerce-proyecto-backend\\node_modules\\mongoose\\lib\\query.js:5026:15)","stringValue":"\"search\"","value":"search","valueType":"string"}
{"level":"error","message":"next is not defined"}
{"level":"warn","message":"Acceso a ruta inexistente /favicon.ico con el método GET"}
{"level":"warn","message":"Acceso a ruta inexistente /favicon.ico con el método GET"}
{"level":"warn","message":"Acceso a ruta inexistente /favicon.ico con el método GET"}
{"level":"warn","message":"Acceso a ruta inexistente /favicon.ico con el método GET"}
{"level":"warn","message":"Acceso a ruta inexistente /favicon.ico con el método GET"}
{"level":"warn","message":"Acceso a ruta inexistente /favicon.ico con el método GET"}
{"level":"warn","message":"Acceso a ruta inexistente /favicon.ico con el método GET"}
{"level":"warn","message":"Acceso a ruta inexistente /favicon.ico con el método GET"}
{"kind":"ObjectId","level":"error","message":"No es posible obtener el elemento buscado de la base de datos  Cast to ObjectId failed for value \"search\" (type string) at path \"_id\" for model \"Product\"","path":"_id","reason":{},"stack":"CastError: Cast to ObjectId failed for value \"search\" (type string) at path \"_id\" for model \"Product\"\n    at model.Query.exec (C:\\Users\\stefa\\OneDrive\\Escritorio\\ecommerce-proyecto-backend\\node_modules\\mongoose\\lib\\query.js:4927:21)\n    at model.Query.Query.then (C:\\Users\\stefa\\OneDrive\\Escritorio\\ecommerce-proyecto-backend\\node_modules\\mongoose\\lib\\query.js:5026:15)","stringValue":"\"search\"","value":"search","valueType":"string"}
{"level":"error","message":"next is not defined"}
{"level":"warn","message":"Acceso a ruta inexistente /favicon.ico con el método GET"}
{"kind":"ObjectId","level":"error","message":"No es posible obtener el elemento buscado de la base de datos  Cast to ObjectId failed for value \"search\" (type string) at path \"_id\" for model \"Product\"","path":"_id","reason":{},"stack":"CastError: Cast to ObjectId failed for value \"search\" (type string) at path \"_id\" for model \"Product\"\n    at model.Query.exec (C:\\Users\\stefa\\OneDrive\\Escritorio\\ecommerce-proyecto-backend\\node_modules\\mongoose\\lib\\query.js:4927:21)\n    at model.Query.Query.then (C:\\Users\\stefa\\OneDrive\\Escritorio\\ecommerce-proyecto-backend\\node_modules\\mongoose\\lib\\query.js:5026:15)","stringValue":"\"search\"","value":"search","valueType":"string"}
{"level":"error","message":"next is not defined"}
{"level":"warn","message":"Acceso a ruta inexistente /favicon.ico con el método GET"}
{"kind":"ObjectId","level":"error","message":"No es posible obtener el elemento buscado de la base de datos  Cast to ObjectId failed for value \"search\" (type string) at path \"_id\" for model \"Product\"","path":"_id","reason":{},"stack":"CastError: Cast to ObjectId failed for value \"search\" (type string) at path \"_id\" for model \"Product\"\n    at model.Query.exec (C:\\Users\\stefa\\OneDrive\\Escritorio\\ecommerce-proyecto-backend\\node_modules\\mongoose\\lib\\query.js:4927:21)\n    at model.Query.Query.then (C:\\Users\\stefa\\OneDrive\\Escritorio\\ecommerce-proyecto-backend\\node_modules\\mongoose\\lib\\query.js:5026:15)","stringValue":"\"search\"","value":"search","valueType":"string"}
{"level":"error","message":"next is not defined"}
{"level":"warn","message":"Acceso a ruta inexistente /favicon.ico con el método GET"}
{"level":"warn","message":"Acceso a ruta inexistente /favicon.ico con el método GET"}
{"level":"warn","message":"Acceso a ruta inexistente /favicon.ico con el método GET"}
{"level":"warn","message":"Acceso a ruta inexistente /favicon.ico con el método GET"}
{"level":"warn","message":"Acceso a ruta inexistente /favicon.ico con el método GET"}
{"level":"warn","message":"Acceso a ruta inexistente /favicon.ico con el método GET"}
{"kind":"ObjectId","level":"error","message":"No es posible obtener el elemento buscado de la base de datos  Cast to ObjectId failed for value \"search\" (type string) at path \"_id\" for model \"Product\"","path":"_id","reason":{},"stack":"CastError: Cast to ObjectId failed for value \"search\" (type string) at path \"_id\" for model \"Product\"\n    at model.Query.exec (C:\\Users\\stefa\\OneDrive\\Escritorio\\ecommerce-proyecto-backend\\node_modules\\mongoose\\lib\\query.js:4927:21)\n    at model.Query.Query.then (C:\\Users\\stefa\\OneDrive\\Escritorio\\ecommerce-proyecto-backend\\node_modules\\mongoose\\lib\\query.js:5026:15)","stringValue":"\"search\"","value":"search","valueType":"string"}
{"level":"error","message":"next is not defined"}
{"level":"warn","message":"Acceso a ruta inexistente /favicon.ico con el método GET"}
{"level":"warn","message":"Acceso a ruta inexistente /favicon.ico con el método GET"}
{"kind":"ObjectId","level":"error","message":"No es posible obtener el elemento buscado de la base de datos  Cast to ObjectId failed for value \"search\" (type string) at path \"_id\" for model \"Product\"","path":"_id","reason":{},"stack":"CastError: Cast to ObjectId failed for value \"search\" (type string) at path \"_id\" for model \"Product\"\n    at model.Query.exec (C:\\Users\\stefa\\OneDrive\\Escritorio\\ecommerce-proyecto-backend\\node_modules\\mongoose\\lib\\query.js:4927:21)\n    at model.Query.Query.then (C:\\Users\\stefa\\OneDrive\\Escritorio\\ecommerce-proyecto-backend\\node_modules\\mongoose\\lib\\query.js:5026:15)","stringValue":"\"search\"","value":"search","valueType":"string"}
{"level":"error","message":"next is not defined"}
{"level":"warn","message":"Acceso a ruta inexistente /favicon.ico con el método GET"}
{"level":"warn","message":"Acceso a ruta inexistente /favicon.ico con el método GET"}
{"level":"error","message":"No es posible buscar elementos en la base de datos  Invalid regular expression: /?kit/: Nothing to repeat","stack":"SyntaxError: Invalid regular expression: /?kit/: Nothing to repeat\n    at new RegExp (<anonymous>)\n    at ProductDAO.search (file:///C:/Users/stefa/OneDrive/Escritorio/ecommerce-proyecto-backend/src/models/dao/containers/mongoDB.container.js:74:18)\n    at ProductRepository.searchProducts (file:///C:/Users/stefa/OneDrive/Escritorio/ecommerce-proyecto-backend/src/models/repository/product.repository.js:41:27)\n    at Object.searchProductByQuery (file:///C:/Users/stefa/OneDrive/Escritorio/ecommerce-proyecto-backend/src/services/product.service.js:25:27)\n    at search (file:///C:/Users/stefa/OneDrive/Escritorio/ecommerce-proyecto-backend/src/controllers/product.controller.js:124:44)\n    at Layer.handle [as handle_request] (C:\\Users\\stefa\\OneDrive\\Escritorio\\ecommerce-proyecto-backend\\node_modules\\express\\lib\\router\\layer.js:95:5)\n    at next (C:\\Users\\stefa\\OneDrive\\Escritorio\\ecommerce-proyecto-backend\\node_modules\\express\\lib\\router\\route.js:144:13)\n    at verifyToken (file:///C:/Users/stefa/OneDrive/Escritorio/ecommerce-proyecto-backend/src/config/jwt.config.js:14:9)\n    at Layer.handle [as handle_request] (C:\\Users\\stefa\\OneDrive\\Escritorio\\ecommerce-proyecto-backend\\node_modules\\express\\lib\\router\\layer.js:95:5)\n    at next (C:\\Users\\stefa\\OneDrive\\Escritorio\\ecommerce-proyecto-backend\\node_modules\\express\\lib\\router\\route.js:144:13)"}
{"level":"error","message":"next is not defined"}
{"level":"warn","message":"Acceso a ruta inexistente /favicon.ico con el método GET"}
{"level":"warn","message":"Acceso a ruta inexistente /favicon.ico con el método GET"}
{"kind":"ObjectId","level":"error","message":"No es posible obtener el elemento buscado de la base de datos  Cast to ObjectId failed for value \"search\" (type string) at path \"_id\" for model \"Product\"","path":"_id","reason":{},"stack":"CastError: Cast to ObjectId failed for value \"search\" (type string) at path \"_id\" for model \"Product\"\n    at model.Query.exec (C:\\Users\\stefa\\OneDrive\\Escritorio\\ecommerce-proyecto-backend\\node_modules\\mongoose\\lib\\query.js:4927:21)\n    at model.Query.Query.then (C:\\Users\\stefa\\OneDrive\\Escritorio\\ecommerce-proyecto-backend\\node_modules\\mongoose\\lib\\query.js:5026:15)","stringValue":"\"search\"","value":"search","valueType":"string"}
{"level":"error","message":"next is not defined"}
{"level":"warn","message":"Acceso a ruta inexistente /favicon.ico con el método GET"}
{"kind":"ObjectId","level":"error","message":"No es posible obtener el elemento buscado de la base de datos  Cast to ObjectId failed for value \"search\" (type string) at path \"_id\" for model \"Product\"","path":"_id","reason":{},"stack":"CastError: Cast to ObjectId failed for value \"search\" (type string) at path \"_id\" for model \"Product\"\n    at model.Query.exec (C:\\Users\\stefa\\OneDrive\\Escritorio\\ecommerce-proyecto-backend\\node_modules\\mongoose\\lib\\query.js:4927:21)\n    at model.Query.Query.then (C:\\Users\\stefa\\OneDrive\\Escritorio\\ecommerce-proyecto-backend\\node_modules\\mongoose\\lib\\query.js:5026:15)","stringValue":"\"search\"","value":"search","valueType":"string"}
{"level":"error","message":"next is not defined"}
{"level":"warn","message":"Acceso a ruta inexistente /favicon.ico con el método GET"}
{"kind":"ObjectId","level":"error","message":"No es posible obtener el elemento buscado de la base de datos  Cast to ObjectId failed for value \"search\" (type string) at path \"_id\" for model \"Product\"","path":"_id","reason":{},"stack":"CastError: Cast to ObjectId failed for value \"search\" (type string) at path \"_id\" for model \"Product\"\n    at model.Query.exec (C:\\Users\\stefa\\OneDrive\\Escritorio\\ecommerce-proyecto-backend\\node_modules\\mongoose\\lib\\query.js:4927:21)\n    at model.Query.Query.then (C:\\Users\\stefa\\OneDrive\\Escritorio\\ecommerce-proyecto-backend\\node_modules\\mongoose\\lib\\query.js:5026:15)","stringValue":"\"search\"","value":"search","valueType":"string"}
{"level":"error","message":"next is not defined"}
{"level":"warn","message":"Acceso a ruta inexistente /favicon.ico con el método GET"}
{"level":"error","message":"No es posible buscar elementos en la base de datos  Invalid regular expression: /?query=kit/: Nothing to repeat","stack":"SyntaxError: Invalid regular expression: /?query=kit/: Nothing to repeat\n    at new RegExp (<anonymous>)\n    at ProductDAO.search (file:///C:/Users/stefa/OneDrive/Escritorio/ecommerce-proyecto-backend/src/models/dao/containers/mongoDB.container.js:74:18)\n    at ProductRepository.searchProducts (file:///C:/Users/stefa/OneDrive/Escritorio/ecommerce-proyecto-backend/src/models/repository/product.repository.js:41:27)\n    at Object.searchProductByQuery (file:///C:/Users/stefa/OneDrive/Escritorio/ecommerce-proyecto-backend/src/services/product.service.js:25:27)\n    at search (file:///C:/Users/stefa/OneDrive/Escritorio/ecommerce-proyecto-backend/src/controllers/product.controller.js:124:44)\n    at Layer.handle [as handle_request] (C:\\Users\\stefa\\OneDrive\\Escritorio\\ecommerce-proyecto-backend\\node_modules\\express\\lib\\router\\layer.js:95:5)\n    at next (C:\\Users\\stefa\\OneDrive\\Escritorio\\ecommerce-proyecto-backend\\node_modules\\express\\lib\\router\\route.js:144:13)\n    at verifyToken (file:///C:/Users/stefa/OneDrive/Escritorio/ecommerce-proyecto-backend/src/config/jwt.config.js:14:9)\n    at Layer.handle [as handle_request] (C:\\Users\\stefa\\OneDrive\\Escritorio\\ecommerce-proyecto-backend\\node_modules\\express\\lib\\router\\layer.js:95:5)\n    at next (C:\\Users\\stefa\\OneDrive\\Escritorio\\ecommerce-proyecto-backend\\node_modules\\express\\lib\\router\\route.js:144:13)"}
{"level":"error","message":"next is not defined"}
{"level":"warn","message":"Acceso a ruta inexistente /favicon.ico con el método GET"}
{"level":"warn","message":"Acceso a ruta inexistente /favicon.ico con el método GET"}
{"kind":"ObjectId","level":"error","message":"No es posible obtener el elemento buscado de la base de datos  Cast to ObjectId failed for value \"search\" (type string) at path \"_id\" for model \"Product\"","path":"_id","reason":{},"stack":"CastError: Cast to ObjectId failed for value \"search\" (type string) at path \"_id\" for model \"Product\"\n    at model.Query.exec (C:\\Users\\stefa\\OneDrive\\Escritorio\\ecommerce-proyecto-backend\\node_modules\\mongoose\\lib\\query.js:4927:21)\n    at model.Query.Query.then (C:\\Users\\stefa\\OneDrive\\Escritorio\\ecommerce-proyecto-backend\\node_modules\\mongoose\\lib\\query.js:5026:15)","stringValue":"\"search\"","value":"search","valueType":"string"}
{"level":"error","message":"next is not defined"}
{"level":"warn","message":"Acceso a ruta inexistente /favicon.ico con el método GET"}
{"level":"warn","message":"Acceso a ruta inexistente /favicon.ico con el método GET"}
{"level":"warn","message":"Acceso a ruta inexistente /favicon.ico con el método GET"}
{"level":"warn","message":"Acceso a ruta inexistente /favicon.ico con el método GET"}
{"level":"warn","message":"Acceso a ruta inexistente /favicon.ico con el método GET"}
{"kind":"ObjectId","level":"error","message":"No es posible obtener el elemento buscado de la base de datos  Cast to ObjectId failed for value \"search\" (type string) at path \"_id\" for model \"Product\"","path":"_id","reason":{},"stack":"CastError: Cast to ObjectId failed for value \"search\" (type string) at path \"_id\" for model \"Product\"\n    at model.Query.exec (C:\\Users\\stefa\\OneDrive\\Escritorio\\ecommerce-proyecto-backend\\node_modules\\mongoose\\lib\\query.js:4927:21)\n    at model.Query.Query.then (C:\\Users\\stefa\\OneDrive\\Escritorio\\ecommerce-proyecto-backend\\node_modules\\mongoose\\lib\\query.js:5026:15)","stringValue":"\"search\"","value":"search","valueType":"string"}
{"level":"error","message":"next is not defined"}
{"level":"warn","message":"Acceso a ruta inexistente /favicon.ico con el método GET"}
{"level":"warn","message":"Acceso a ruta inexistente /favicon.ico con el método GET"}
{"level":"warn","message":"Acceso a ruta inexistente /favicon.ico con el método GET"}
{"level":"warn","message":"Acceso a ruta inexistente /favicon.ico con el método GET"}
{"kind":"ObjectId","level":"error","message":"No es posible obtener el elemento buscado de la base de datos  Cast to ObjectId failed for value \"search\" (type string) at path \"_id\" for model \"Product\"","path":"_id","reason":{},"stack":"CastError: Cast to ObjectId failed for value \"search\" (type string) at path \"_id\" for model \"Product\"\n    at model.Query.exec (C:\\Users\\stefa\\OneDrive\\Escritorio\\ecommerce-proyecto-backend\\node_modules\\mongoose\\lib\\query.js:4927:21)\n    at model.Query.Query.then (C:\\Users\\stefa\\OneDrive\\Escritorio\\ecommerce-proyecto-backend\\node_modules\\mongoose\\lib\\query.js:5026:15)","stringValue":"\"search\"","value":"search","valueType":"string"}
{"level":"error","message":"next is not defined"}
{"level":"warn","message":"Acceso a ruta inexistente /favicon.ico con el método GET"}
{"level":"warn","message":"Acceso a ruta inexistente /favicon.ico con el método GET"}
{"kind":"ObjectId","level":"error","message":"No es posible obtener el elemento buscado de la base de datos  Cast to ObjectId failed for value \"search\" (type string) at path \"_id\" for model \"Product\"","path":"_id","reason":{},"stack":"CastError: Cast to ObjectId failed for value \"search\" (type string) at path \"_id\" for model \"Product\"\n    at model.Query.exec (C:\\Users\\stefa\\OneDrive\\Escritorio\\ecommerce-proyecto-backend\\node_modules\\mongoose\\lib\\query.js:4927:21)\n    at model.Query.Query.then (C:\\Users\\stefa\\OneDrive\\Escritorio\\ecommerce-proyecto-backend\\node_modules\\mongoose\\lib\\query.js:5026:15)","stringValue":"\"search\"","value":"search","valueType":"string"}
{"level":"error","message":"next is not defined"}
{"level":"warn","message":"Acceso a ruta inexistente /favicon.ico con el método GET"}
{"kind":"ObjectId","level":"error","message":"No es posible obtener el elemento buscado de la base de datos  Cast to ObjectId failed for value \"search\" (type string) at path \"_id\" for model \"Product\"","path":"_id","reason":{},"stack":"CastError: Cast to ObjectId failed for value \"search\" (type string) at path \"_id\" for model \"Product\"\n    at model.Query.exec (C:\\Users\\stefa\\OneDrive\\Escritorio\\ecommerce-proyecto-backend\\node_modules\\mongoose\\lib\\query.js:4927:21)\n    at model.Query.Query.then (C:\\Users\\stefa\\OneDrive\\Escritorio\\ecommerce-proyecto-backend\\node_modules\\mongoose\\lib\\query.js:5026:15)","stringValue":"\"search\"","value":"search","valueType":"string"}
{"level":"error","message":"next is not defined"}
{"level":"warn","message":"Acceso a ruta inexistente /favicon.ico con el método GET"}
{"kind":"ObjectId","level":"error","message":"No es posible obtener el elemento buscado de la base de datos  Cast to ObjectId failed for value \"search\" (type string) at path \"_id\" for model \"Product\"","path":"_id","reason":{},"stack":"CastError: Cast to ObjectId failed for value \"search\" (type string) at path \"_id\" for model \"Product\"\n    at model.Query.exec (C:\\Users\\stefa\\OneDrive\\Escritorio\\ecommerce-proyecto-backend\\node_modules\\mongoose\\lib\\query.js:4927:21)\n    at model.Query.Query.then (C:\\Users\\stefa\\OneDrive\\Escritorio\\ecommerce-proyecto-backend\\node_modules\\mongoose\\lib\\query.js:5026:15)","stringValue":"\"search\"","value":"search","valueType":"string"}
{"level":"error","message":"next is not defined"}
{"level":"warn","message":"Acceso a ruta inexistente /favicon.ico con el método GET"}
{"level":"warn","message":"Acceso a ruta inexistente /favicon.ico con el método GET"}
{"level":"warn","message":"Acceso a ruta inexistente /favicon.ico con el método GET"}
{"level":"warn","message":"Acceso a ruta inexistente /favicon.ico con el método GET"}
{"level":"warn","message":"Acceso a ruta inexistente /favicon.ico con el método GET"}
{"level":"warn","message":"Acceso a ruta inexistente /favicon.ico con el método GET"}
{"level":"warn","message":"Acceso a ruta inexistente /productos/css/bootstrap.min.css con el método GET"}
{"level":"warn","message":"Acceso a ruta inexistente /productos/css/style.css con el método GET"}
{"level":"warn","message":"Acceso a ruta inexistente /productos/js/products.js con el método GET"}
{"level":"warn","message":"Acceso a ruta inexistente /productos/img/PerfumumbueLogo.png con el método GET"}
{"level":"warn","message":"Acceso a ruta inexistente /productos/css/bootstrap.min.css con el método GET"}
{"level":"warn","message":"Acceso a ruta inexistente /productos/css/style.css con el método GET"}
{"level":"warn","message":"Acceso a ruta inexistente /productos/js/products.js con el método GET"}
{"level":"warn","message":"Acceso a ruta inexistente /productos/img/PerfumumbueLogo.png con el método GET"}
{"level":"warn","message":"Acceso a ruta inexistente /productos/css/bootstrap.min.css con el método GET"}
{"level":"warn","message":"Acceso a ruta inexistente /productos/css/style.css con el método GET"}
{"level":"warn","message":"Acceso a ruta inexistente /productos/js/products.js con el método GET"}
{"level":"warn","message":"Acceso a ruta inexistente /productos/img/PerfumumbueLogo.png con el método GET"}
{"level":"warn","message":"Acceso a ruta inexistente /productos/css/style.css con el método GET"}
{"level":"warn","message":"Acceso a ruta inexistente /productos/css/bootstrap.min.css con el método GET"}
{"level":"warn","message":"Acceso a ruta inexistente /productos/js/products.js con el método GET"}
{"level":"warn","message":"Acceso a ruta inexistente /productos/img/PerfumumbueLogo.png con el método GET"}
{"level":"warn","message":"Acceso a ruta inexistente /productos/css/bootstrap.min.css con el método GET"}
{"level":"warn","message":"Acceso a ruta inexistente /productos/css/style.css con el método GET"}
{"level":"warn","message":"Acceso a ruta inexistente /productos/js/products.js con el método GET"}
{"level":"warn","message":"Acceso a ruta inexistente /productos/img/PerfumumbueLogo.png con el método GET"}
{"level":"warn","message":"Acceso a ruta inexistente /productos/css/bootstrap.min.css con el método GET"}
{"level":"warn","message":"Acceso a ruta inexistente /productos/css/style.css con el método GET"}
{"level":"warn","message":"Acceso a ruta inexistente /productos/js/products.js con el método GET"}
{"level":"warn","message":"Acceso a ruta inexistente /productos/img/PerfumumbueLogo.png con el método GET"}
{"level":"warn","message":"Acceso a ruta inexistente /productos/css/bootstrap.min.css con el método GET"}
{"level":"warn","message":"Acceso a ruta inexistente /productos/css/style.css con el método GET"}
{"level":"warn","message":"Acceso a ruta inexistente /productos/js/products.js con el método GET"}
{"level":"warn","message":"Acceso a ruta inexistente /productos/img/PerfumumbueLogo.png con el método GET"}
{"level":"warn","message":"Acceso a ruta inexistente /favicon.ico con el método GET"}
{"level":"warn","message":"Acceso a ruta inexistente /favicon.ico con el método GET"}
{"level":"warn","message":"Acceso a ruta inexistente /favicon.ico con el método GET"}
{"level":"warn","message":"Acceso a ruta inexistente /productos/css/bootstrap.min.css con el método GET"}
{"level":"warn","message":"Acceso a ruta inexistente /productos/css/style.css con el método GET"}
{"level":"warn","message":"Acceso a ruta inexistente /productos/js/products.js con el método GET"}
{"level":"warn","message":"Acceso a ruta inexistente /productos/img/PerfumumbueLogo.png con el método GET"}
{"level":"warn","message":"Acceso a ruta inexistente /productos/css/bootstrap.min.css con el método GET"}
{"level":"warn","message":"Acceso a ruta inexistente /productos/css/style.css con el método GET"}
{"level":"warn","message":"Acceso a ruta inexistente /productos/js/products.js con el método GET"}
{"level":"warn","message":"Acceso a ruta inexistente /productos/img/PerfumumbueLogo.png con el método GET"}
{"level":"warn","message":"Acceso a ruta inexistente /favicon.ico con el método GET"}
{"level":"warn","message":"Acceso a ruta inexistente /productos/css/bootstrap.min.css con el método GET"}
{"level":"warn","message":"Acceso a ruta inexistente /productos/css/style.css con el método GET"}
{"level":"warn","message":"Acceso a ruta inexistente /productos/js/products.js con el método GET"}
{"level":"warn","message":"Acceso a ruta inexistente /productos/img/PerfumumbueLogo.png con el método GET"}
{"level":"warn","message":"Acceso a ruta inexistente /favicon.ico con el método GET"}
{"level":"warn","message":"Acceso a ruta inexistente /favicon.ico con el método GET"}
{"level":"warn","message":"Acceso a ruta inexistente /productos/css/bootstrap.min.css con el método GET"}
{"level":"warn","message":"Acceso a ruta inexistente /productos/css/style.css con el método GET"}
{"level":"warn","message":"Acceso a ruta inexistente /productos/js/products.js con el método GET"}
{"level":"warn","message":"Acceso a ruta inexistente /productos/img/PerfumumbueLogo.png con el método GET"}
{"level":"warn","message":"Acceso a ruta inexistente /favicon.ico con el método GET"}
{"level":"warn","message":"Acceso a ruta inexistente /productos/css/bootstrap.min.css con el método GET"}
{"level":"warn","message":"Acceso a ruta inexistente /productos/css/style.css con el método GET"}
{"level":"warn","message":"Acceso a ruta inexistente /productos/js/products.js con el método GET"}
{"level":"warn","message":"Acceso a ruta inexistente /productos/img/PerfumumbueLogo.png con el método GET"}
{"level":"warn","message":"Acceso a ruta inexistente /productos/css/bootstrap.min.css con el método GET"}
{"level":"warn","message":"Acceso a ruta inexistente /productos/css/style.css con el método GET"}
{"level":"warn","message":"Acceso a ruta inexistente /public/js/products.js con el método GET"}
{"level":"warn","message":"Acceso a ruta inexistente /productos/img/PerfumumbueLogo.png con el método GET"}
{"level":"warn","message":"Acceso a ruta inexistente /productos/css/bootstrap.min.css con el método GET"}
{"level":"warn","message":"Acceso a ruta inexistente /productos/css/style.css con el método GET"}
{"level":"warn","message":"Acceso a ruta inexistente /public/js/products.js con el método GET"}
{"level":"warn","message":"Acceso a ruta inexistente /productos/img/PerfumumbueLogo.png con el método GET"}
{"level":"warn","message":"Acceso a ruta inexistente /productos/css/bootstrap.min.css con el método GET"}
{"level":"warn","message":"Acceso a ruta inexistente /productos/css/style.css con el método GET"}
{"level":"warn","message":"Acceso a ruta inexistente /public/js/products.js con el método GET"}
{"level":"warn","message":"Acceso a ruta inexistente /productos/img/PerfumumbueLogo.png con el método GET"}
{"level":"warn","message":"Acceso a ruta inexistente /productos/css/bootstrap.min.css con el método GET"}
{"level":"warn","message":"Acceso a ruta inexistente /productos/css/style.css con el método GET"}
{"level":"warn","message":"Acceso a ruta inexistente /productos/js/products.js con el método GET"}
{"level":"warn","message":"Acceso a ruta inexistente /productos/img/PerfumumbueLogo.png con el método GET"}
{"level":"warn","message":"Acceso a ruta inexistente /favicon.ico con el método GET"}
{"level":"warn","message":"Acceso a ruta inexistente /productos/css/bootstrap.min.css con el método GET"}
{"level":"warn","message":"Acceso a ruta inexistente /productos/css/style.css con el método GET"}
{"level":"warn","message":"Acceso a ruta inexistente /productos/js/products.js con el método GET"}
{"level":"warn","message":"Acceso a ruta inexistente /productos/img/PerfumumbueLogo.png con el método GET"}
{"level":"warn","message":"Acceso a ruta inexistente /productos/js/products.js con el método GET"}
{"level":"warn","message":"Acceso a ruta inexistente /productos/js/products.js con el método GET"}
{"level":"warn","message":"Acceso a ruta inexistente /productos/js/products.js con el método GET"}
{"level":"warn","message":"Acceso a ruta inexistente /favicon.ico con el método GET"}
{"level":"warn","message":"Acceso a ruta inexistente /favicon.ico con el método GET"}
{"level":"warn","message":"Acceso a ruta inexistente /productos/js/products.js con el método GET"}
{"level":"warn","message":"Acceso a ruta inexistente /productos/js/products.js con el método GET"}
{"level":"warn","message":"Acceso a ruta inexistente /favicon.ico con el método GET"}
{"level":"warn","message":"Acceso a ruta inexistente /favicon.ico con el método GET"}
{"level":"warn","message":"Acceso a ruta inexistente /favicon.ico con el método GET"}
{"level":"warn","message":"Acceso a ruta inexistente /favicon.ico con el método GET"}
{"level":"warn","message":"Acceso a ruta inexistente /favicon.ico con el método GET"}
{"level":"error","message":"Module \"handlebars\" does not provide a view engine."}
{"level":"warn","message":"Acceso a ruta inexistente /favicon.ico con el método GET"}
{"level":"error","message":"Module \"handlebars\" does not provide a view engine."}
{"level":"error","message":"Module \"handlebars\" does not provide a view engine."}
{"level":"warn","message":"Acceso a ruta inexistente /favicon.ico con el método GET"}
{"level":"error","message":"Module \"handlebars\" does not provide a view engine."}
{"level":"warn","message":"Acceso a ruta inexistente /favicon.ico con el método GET"}
{"level":"warn","message":"Acceso a ruta inexistente /favicon.ico con el método GET"}
{"level":"warn","message":"Acceso a ruta inexistente /loggerTest con el método GET"}
{"level":"warn","message":"Acceso a ruta inexistente /info con el método GET"}
{"level":"warn","message":"Acceso a ruta inexistente /info con el método GET"}
{"level":"warn","message":"Acceso a ruta inexistente /favicon.ico con el método GET"}
{"level":"warn","message":"Acceso a ruta inexistente /favicon.ico con el método GET"}
{"level":"warn","message":"Acceso a ruta inexistente /favicon.ico con el método GET"}
{"level":"warn","message":"Acceso a ruta inexistente /favicon.ico con el método GET"}
{"level":"warn","message":"Acceso a ruta inexistente /favicon.ico con el método GET"}
{"level":"warn","message":"Acceso a ruta inexistente /favicon.ico con el método GET"}
{"level":"warn","message":"Acceso a ruta inexistente /favicon.ico con el método GET"}
{"level":"warn","message":"Acceso a ruta inexistente /favicon.ico con el método GET"}
{"level":"warn","message":"Acceso a ruta inexistente /favicon.ico con el método GET"}
{"level":"warn","message":"Acceso a ruta inexistente /favicon.ico con el método GET"}
{"level":"warn","message":"Acceso a ruta inexistente /favicon.ico con el método GET"}
{"level":"warn","message":"Acceso a ruta inexistente /favicon.ico con el método GET"}
{"level":"warn","message":"Acceso a ruta inexistente /favicon.ico con el método GET"}
